info: Start getUser - - - {"timestamp":"2020-08-18 00:00:00"}
info: Start Get Count User - - - {"timestamp":"2020-08-18 00:00:00"}
info: APP START ---------- {"timestamp":"2020-08-18 00:00:55"}
info: mongoose trying to connect to mongodb : mongodb://localhost:27017/template {"timestamp":"2020-08-18 00:00:55"}
info: success {"timestamp":"2020-08-18 00:00:55"}
info: Start getUser - - - {"timestamp":"2020-08-18 00:00:55"}
info: Start Get Count User - - - {"timestamp":"2020-08-18 00:00:55"}
info: Start Get User by Role --- {"timestamp":"2020-08-18 00:00:58"}
info: Start Get User by Role --- {"timestamp":"2020-08-18 00:00:59"}
info: APP START ---------- {"timestamp":"2020-08-18 00:01:32"}
info: mongoose trying to connect to mongodb : mongodb://localhost:27017/template {"timestamp":"2020-08-18 00:01:33"}
info: success {"timestamp":"2020-08-18 00:01:33"}
info: Start getUser - - - {"timestamp":"2020-08-18 00:01:34"}
info: Start Get Count User - - - {"timestamp":"2020-08-18 00:01:34"}
info: Start Search all feald {"timestamp":"2020-08-18 00:01:36"}
info: Start Search all feald {"timestamp":"2020-08-18 00:01:36"}
info: Start Search all feald {"timestamp":"2020-08-18 00:01:36"}
info: Start Search all feald {"timestamp":"2020-08-18 00:01:37"}
info: Start Search all feald {"timestamp":"2020-08-18 00:01:37"}
info: Start Search all feald {"timestamp":"2020-08-18 00:01:38"}
info: Start getUser - - - {"timestamp":"2020-08-18 00:03:23"}
info: Start Get Count User - - - {"timestamp":"2020-08-18 00:03:23"}
info: APP START ---------- {"timestamp":"2020-08-18 00:06:56"}
info: mongoose trying to connect to mongodb : mongodb://localhost:27017/template {"timestamp":"2020-08-18 00:06:56"}
info: success {"timestamp":"2020-08-18 00:06:56"}
info: Start getUser - - - {"timestamp":"2020-08-18 00:06:57"}
info: Start Get Count User - - - {"timestamp":"2020-08-18 00:06:57"}
info: Start User Delete --- {"timestamp":"2020-08-18 00:07:01"}
info: Start getUser - - - {"timestamp":"2020-08-18 00:07:01"}
error: User Delete Error: RangeError [ERR_HTTP_INVALID_STATUS_CODE]: Invalid status code: 2000 {"timestamp":"2020-08-18 00:07:01"}
info: Start Get Count User - - - {"timestamp":"2020-08-18 00:07:01"}
info: APP START ---------- {"timestamp":"2020-08-18 00:07:17"}
info: mongoose trying to connect to mongodb : mongodb://localhost:27017/template {"timestamp":"2020-08-18 00:07:17"}
info: success {"timestamp":"2020-08-18 00:07:17"}
info: Start getUser - - - {"timestamp":"2020-08-18 00:07:22"}
info: Start Get Count User - - - {"timestamp":"2020-08-18 00:07:22"}
info: Start User Delete --- {"timestamp":"2020-08-18 00:07:29"}
info: Start getUser - - - {"timestamp":"2020-08-18 00:07:29"}
info: Start Get Count User - - - {"timestamp":"2020-08-18 00:07:29"}
info: APP START ---------- {"timestamp":"2020-08-18 00:11:14"}
info: mongoose trying to connect to mongodb : mongodb://localhost:27017/template {"timestamp":"2020-08-18 00:11:14"}
info: success {"timestamp":"2020-08-18 00:11:14"}
info: Start getUser - - - {"timestamp":"2020-08-18 00:11:16"}
info: Start Get Count User - - - {"timestamp":"2020-08-18 00:11:16"}
info: Start User update - - - {"timestamp":"2020-08-18 00:11:25"}
info: Start getUser - - - {"timestamp":"2020-08-18 00:11:25"}
info: Start Get Count User - - - {"timestamp":"2020-08-18 00:11:25"}
info: Start getUser - - - {"timestamp":"2020-08-18 00:11:38"}
info: Start Get Count User - - - {"timestamp":"2020-08-18 00:11:38"}
info: Start User update - - - {"timestamp":"2020-08-18 00:11:50"}
info: Start getUser - - - {"timestamp":"2020-08-18 00:11:50"}
info: Start Get Count User - - - {"timestamp":"2020-08-18 00:11:50"}
info: APP START ---------- {"timestamp":"2020-08-18 00:12:26"}
info: mongoose trying to connect to mongodb : mongodb://localhost:27017/template {"timestamp":"2020-08-18 00:12:26"}
info: success {"timestamp":"2020-08-18 00:12:26"}
info: Start getUser - - - {"timestamp":"2020-08-18 00:12:29"}
info: Start Get Count User - - - {"timestamp":"2020-08-18 00:12:29"}
info: Start User update - - - {"timestamp":"2020-08-18 00:12:35"}
info: Start getUser - - - {"timestamp":"2020-08-18 00:12:35"}
info: Start Get Count User - - - {"timestamp":"2020-08-18 00:12:36"}
info: APP START ---------- {"timestamp":"2020-08-18 00:16:44"}
info: mongoose trying to connect to mongodb : mongodb://localhost:27017/template {"timestamp":"2020-08-18 00:16:44"}
info: success {"timestamp":"2020-08-18 00:16:44"}
info: Start getUser - - - {"timestamp":"2020-08-18 00:16:47"}
info: Start Get Count User - - - {"timestamp":"2020-08-18 00:16:47"}
info: Start Get User by Role --- {"timestamp":"2020-08-18 00:16:49"}
info: Start Get User by Role --- {"timestamp":"2020-08-18 00:16:50"}
info: Start Get User by Role --- {"timestamp":"2020-08-18 00:16:52"}
info: Start Get User by Role --- {"timestamp":"2020-08-18 00:16:55"}
info: Start getUser - - - {"timestamp":"2020-08-18 00:16:59"}
info: Start Get Count User - - - {"timestamp":"2020-08-18 00:16:59"}
info: APP START ---------- {"timestamp":"2020-08-18 00:20:25"}
info: mongoose trying to connect to mongodb : mongodb://localhost:27017/template {"timestamp":"2020-08-18 00:20:25"}
info: success {"timestamp":"2020-08-18 00:20:25"}
info: APP START ---------- {"timestamp":"2020-08-18 00:20:41"}
info: mongoose trying to connect to mongodb : mongodb://localhost:27017/template {"timestamp":"2020-08-18 00:20:42"}
info: success {"timestamp":"2020-08-18 00:20:42"}
info: APP START ---------- {"timestamp":"2020-08-18 00:20:49"}
info: mongoose trying to connect to mongodb : mongodb://localhost:27017/template {"timestamp":"2020-08-18 00:20:49"}
info: success {"timestamp":"2020-08-18 00:20:49"}
info: APP START ---------- {"timestamp":"2020-08-18 00:21:19"}
info: mongoose trying to connect to mongodb : mongodb://localhost:27017/template {"timestamp":"2020-08-18 00:21:19"}
info: success {"timestamp":"2020-08-18 00:21:19"}
info: Start getUser - - - {"timestamp":"2020-08-18 00:21:22"}
info: Start Get Count User - - - {"timestamp":"2020-08-18 00:21:22"}
info: Start Search All Field - - - {"timestamp":"2020-08-18 00:21:24"}
info: Start Search All Field - - - {"timestamp":"2020-08-18 00:21:24"}
info: Start Search All Field - - - {"timestamp":"2020-08-18 00:21:25"}
info: Start Search All Field - - - {"timestamp":"2020-08-18 00:21:26"}
info: Start Search All Field - - - {"timestamp":"2020-08-18 00:21:27"}
info: Start Search All Field - - - {"timestamp":"2020-08-18 00:21:28"}
info: Start Search All Field - - - {"timestamp":"2020-08-18 00:21:28"}
info: Start Search All Field - - - {"timestamp":"2020-08-18 00:21:29"}
info: Start Search All Field - - - {"timestamp":"2020-08-18 00:21:30"}
info: Start Search All Field - - - {"timestamp":"2020-08-18 00:21:30"}
info: Start Search All Field - - - {"timestamp":"2020-08-18 00:21:30"}
info: Start Search All Field - - - {"timestamp":"2020-08-18 00:21:32"}
info: Start Search All Field - - - {"timestamp":"2020-08-18 00:21:32"}
info: Start Search All Field - - - {"timestamp":"2020-08-18 00:21:33"}
info: Start Search All Field - - - {"timestamp":"2020-08-18 00:21:34"}
info: Start Search All Field - - - {"timestamp":"2020-08-18 00:21:34"}
info: Start Search All Field - - - {"timestamp":"2020-08-18 00:21:34"}
info: Start Search All Field - - - {"timestamp":"2020-08-18 00:21:34"}
info: Start Search All Field - - - {"timestamp":"2020-08-18 00:21:35"}
info: Start Search All Field - - - {"timestamp":"2020-08-18 00:21:35"}
info: Start Search All Field - - - {"timestamp":"2020-08-18 00:21:35"}
info: Start Search All Field - - - {"timestamp":"2020-08-18 00:21:35"}
info: APP START ---------- {"timestamp":"2020-08-18 00:23:57"}
info: mongoose trying to connect to mongodb : mongodb://localhost:27017/template {"timestamp":"2020-08-18 00:23:57"}
info: success {"timestamp":"2020-08-18 00:23:57"}
info: Start getUser - - - {"timestamp":"2020-08-18 00:23:59"}
info: Start Get Count User - - - {"timestamp":"2020-08-18 00:23:59"}
info: Start User update - - - {"timestamp":"2020-08-18 00:24:06"}
info: Start getUser - - - {"timestamp":"2020-08-18 00:24:06"}
info: Start Get Count User - - - {"timestamp":"2020-08-18 00:24:06"}
info: APP START ---------- {"timestamp":"2020-08-18 00:24:37"}
info: mongoose trying to connect to mongodb : mongodb://localhost:27017/template {"timestamp":"2020-08-18 00:24:38"}
info: success {"timestamp":"2020-08-18 00:24:38"}
info: Start getUser - - - {"timestamp":"2020-08-18 00:24:41"}
info: Start Get Count User - - - {"timestamp":"2020-08-18 00:24:41"}
info: APP START ---------- {"timestamp":"2020-08-18 00:29:51"}
info: mongoose trying to connect to mongodb : mongodb://localhost:27017/template {"timestamp":"2020-08-18 00:29:51"}
info: success {"timestamp":"2020-08-18 00:29:51"}
info: APP START ---------- {"timestamp":"2020-08-18 10:54:40"}
info: mongoose trying to connect to mongodb : mongodb://localhost:27017/template {"timestamp":"2020-08-18 10:54:40"}
info: success {"timestamp":"2020-08-18 10:54:40"}
info: APP START ---------- {"timestamp":"2020-08-18 10:59:25"}
info: mongoose trying to connect to mongodb : mongodb://localhost:27017/template {"timestamp":"2020-08-18 10:59:25"}
info: success {"timestamp":"2020-08-18 10:59:25"}
info: Start getUser - - - {"timestamp":"2020-08-18 11:05:34"}
info: Start getUser - - - {"timestamp":"2020-08-18 11:06:01"}
info: Start getUser - - - {"timestamp":"2020-08-18 11:06:41"}
info: Start getUser - - - {"timestamp":"2020-08-18 11:07:30"}
info: Start getUser - - - {"timestamp":"2020-08-18 11:09:13"}
info: Start getUser - - - {"timestamp":"2020-08-18 11:11:10"}
info: Start getUser - - - {"timestamp":"2020-08-18 11:12:53"}
info: Start getUser - - - {"timestamp":"2020-08-18 11:13:05"}
info: Start getUser - - - {"timestamp":"2020-08-18 11:13:08"}
info: Start getUser - - - {"timestamp":"2020-08-18 11:13:09"}
info: APP START ---------- {"timestamp":"2020-08-18 11:14:16"}
info: mongoose trying to connect to mongodb : mongodb://localhost:27017/template {"timestamp":"2020-08-18 11:14:16"}
info: success {"timestamp":"2020-08-18 11:14:16"}
info: Start Get Count User - - - {"timestamp":"2020-08-18 11:14:17"}
info: Start getUser - - - {"timestamp":"2020-08-18 11:14:17"}
info: Start Get Count User - - - {"timestamp":"2020-08-18 11:14:33"}
info: Start getUser - - - {"timestamp":"2020-08-18 11:14:33"}
info: Start Get Count User - - - {"timestamp":"2020-08-18 11:26:51"}
info: Start getUser - - - {"timestamp":"2020-08-18 11:26:51"}
info: Start getUser - - - {"timestamp":"2020-08-18 11:26:55"}
info: Start getUser - - - {"timestamp":"2020-08-18 11:26:56"}
info: Start Get User by Role - - - {"timestamp":"2020-08-18 11:27:12"}
info: Start Get User by Role - - - {"timestamp":"2020-08-18 11:27:15"}
info: Start getUser - - - {"timestamp":"2020-08-18 11:27:17"}
info: Start getUser - - - {"timestamp":"2020-08-18 11:27:19"}
info: Start Search All Field - - - {"timestamp":"2020-08-18 11:27:27"}
info: Start Search All Field - - - {"timestamp":"2020-08-18 11:27:28"}
info: Start Search All Field - - - {"timestamp":"2020-08-18 11:27:28"}
info: Start Search All Field - - - {"timestamp":"2020-08-18 11:27:28"}
info: Start Search All Field - - - {"timestamp":"2020-08-18 11:27:29"}
info: Start Search All Field - - - {"timestamp":"2020-08-18 11:27:29"}
info: Start Search All Field - - - {"timestamp":"2020-08-18 11:27:29"}
info: Start Search All Field - - - {"timestamp":"2020-08-18 11:27:29"}
info: APP START ---------- {"timestamp":"2020-08-18 11:32:21"}
info: mongoose trying to connect to mongodb : mongodb://localhost:27017/template {"timestamp":"2020-08-18 11:32:21"}
info: success {"timestamp":"2020-08-18 11:32:21"}
info: Start getUser - - - {"timestamp":"2020-08-18 11:32:27"}
info: Start getUser - - - {"timestamp":"2020-08-18 11:32:28"}
info: Start Upload file - - - {"timestamp":"2020-08-18 11:32:50"}
info: Start Upload file - - - {"timestamp":"2020-08-18 11:34:10"}
info: APP START ---------- {"timestamp":"2020-08-18 11:39:05"}
info: mongoose trying to connect to mongodb : mongodb://localhost:27017/template {"timestamp":"2020-08-18 11:39:06"}
info: success {"timestamp":"2020-08-18 11:39:06"}
info: Start Get Count User - - - {"timestamp":"2020-08-18 11:39:08"}
info: Start getUser - - - {"timestamp":"2020-08-18 11:39:08"}
info: Start Upload file - - - {"timestamp":"2020-08-18 11:39:17"}
info: Start Get Count User - - - {"timestamp":"2020-08-18 11:55:58"}
info: Start getUser - - - {"timestamp":"2020-08-18 11:55:58"}
info: Start Get Count User - - - {"timestamp":"2020-08-18 11:56:33"}
info: Start getUser - - - {"timestamp":"2020-08-18 11:56:33"}
info: Start Get Count User - - - {"timestamp":"2020-08-18 12:00:25"}
info: Start getUser - - - {"timestamp":"2020-08-18 12:00:25"}
info: Start Open Upload File User - - - {"timestamp":"2020-08-18 12:00:27"}
info: Start Open Upload File User - - - {"timestamp":"2020-08-18 12:00:59"}
info: Start Get Count User - - - {"timestamp":"2020-08-18 12:01:13"}
info: Start getUser - - - {"timestamp":"2020-08-18 12:01:13"}
info: Start Get Count User - - - {"timestamp":"2020-08-18 12:03:03"}
info: Start getUser - - - {"timestamp":"2020-08-18 12:03:03"}
info: Start Open Upload File User - - - {"timestamp":"2020-08-18 12:03:06"}
info: Start Get Count User - - - {"timestamp":"2020-08-18 12:04:11"}
info: Start getUser - - - {"timestamp":"2020-08-18 12:04:11"}
info: Start Open Upload File User - - - {"timestamp":"2020-08-18 12:04:14"}
info: Start Get Count User - - - {"timestamp":"2020-08-18 12:04:24"}
info: Start getUser - - - {"timestamp":"2020-08-18 12:04:24"}
info: Start Get Count User - - - {"timestamp":"2020-08-18 12:05:06"}
info: Start getUser - - - {"timestamp":"2020-08-18 12:05:06"}
info: Start Get Count User - - - {"timestamp":"2020-08-18 12:05:08"}
info: Start getUser - - - {"timestamp":"2020-08-18 12:05:08"}
info: Start Open Upload File User - - - {"timestamp":"2020-08-18 12:05:15"}
info: Start Get Count User - - - {"timestamp":"2020-08-18 12:05:56"}
info: Start getUser - - - {"timestamp":"2020-08-18 12:05:56"}
info: Start Get Count User - - - {"timestamp":"2020-08-18 12:05:57"}
info: Start getUser - - - {"timestamp":"2020-08-18 12:05:57"}
info: Start Open Upload File User - - - {"timestamp":"2020-08-18 12:06:01"}
info: Start Get Count User - - - {"timestamp":"2020-08-18 12:06:36"}
info: Start getUser - - - {"timestamp":"2020-08-18 12:06:36"}
info: Start Get Count User - - - {"timestamp":"2020-08-18 12:07:31"}
info: Start getUser - - - {"timestamp":"2020-08-18 12:07:32"}
info: Start Open Upload File User - - - {"timestamp":"2020-08-18 12:07:33"}
info: Start Get Count User - - - {"timestamp":"2020-08-18 12:08:34"}
info: Start getUser - - - {"timestamp":"2020-08-18 12:08:34"}
info: Start Open Upload File User - - - {"timestamp":"2020-08-18 12:08:36"}
info: Start Get Count User - - - {"timestamp":"2020-08-18 12:09:56"}
info: Start getUser - - - {"timestamp":"2020-08-18 12:09:56"}
info: Start Open Upload File User - - - {"timestamp":"2020-08-18 12:09:58"}
info: Start Get Count User - - - {"timestamp":"2020-08-18 12:10:13"}
info: Start getUser - - - {"timestamp":"2020-08-18 12:10:13"}
info: Start Open Upload File User - - - {"timestamp":"2020-08-18 12:10:15"}
info: Start Get Count User - - - {"timestamp":"2020-08-18 12:10:35"}
info: Start getUser - - - {"timestamp":"2020-08-18 12:10:35"}
info: Start Open Upload File User - - - {"timestamp":"2020-08-18 12:10:37"}
info: Start Get Count User - - - {"timestamp":"2020-08-18 12:11:42"}
info: Start getUser - - - {"timestamp":"2020-08-18 12:11:43"}
info: Start Open Upload File User - - - {"timestamp":"2020-08-18 12:11:45"}
info: Start Get Count User - - - {"timestamp":"2020-08-18 12:32:51"}
info: Start getUser - - - {"timestamp":"2020-08-18 12:32:51"}
info: Start Get Count User - - - {"timestamp":"2020-08-18 12:34:44"}
info: Start getUser - - - {"timestamp":"2020-08-18 12:34:44"}
info: Start Open Upload File User - - - {"timestamp":"2020-08-18 12:34:46"}
info: Start Get Count User - - - {"timestamp":"2020-08-18 12:35:02"}
info: Start getUser - - - {"timestamp":"2020-08-18 12:35:02"}
info: Start Get Count User - - - {"timestamp":"2020-08-18 12:35:14"}
info: Start getUser - - - {"timestamp":"2020-08-18 12:35:14"}
info: Start Open Upload File User - - - {"timestamp":"2020-08-18 12:35:17"}
info: Start Get Count User - - - {"timestamp":"2020-08-18 12:35:30"}
info: Start getUser - - - {"timestamp":"2020-08-18 12:35:30"}
info: Start Open Upload File User - - - {"timestamp":"2020-08-18 12:35:32"}
info: Start Get Count User - - - {"timestamp":"2020-08-18 12:36:04"}
info: Start getUser - - - {"timestamp":"2020-08-18 12:36:04"}
info: Start Open Upload File User - - - {"timestamp":"2020-08-18 12:36:10"}
info: Start Get Count User - - - {"timestamp":"2020-08-18 12:37:38"}
info: Start getUser - - - {"timestamp":"2020-08-18 12:37:38"}
info: Start Open Upload File User - - - {"timestamp":"2020-08-18 12:37:40"}
info: Start Get Count User - - - {"timestamp":"2020-08-18 12:38:04"}
info: Start getUser - - - {"timestamp":"2020-08-18 12:38:04"}
info: APP START ---------- {"timestamp":"2020-08-18 12:49:09"}
info: mongoose trying to connect to mongodb : mongodb://localhost:27017/template {"timestamp":"2020-08-18 12:49:09"}
info: success {"timestamp":"2020-08-18 12:49:09"}
info: Start Get Count User - - - {"timestamp":"2020-08-18 12:50:33"}
info: Start getUser - - - {"timestamp":"2020-08-18 12:50:33"}
info: Start Get Count User - - - {"timestamp":"2020-08-18 12:50:46"}
info: Start getUser - - - {"timestamp":"2020-08-18 12:50:46"}
info: Start Get Count User - - - {"timestamp":"2020-08-18 12:51:05"}
info: Start getUser - - - {"timestamp":"2020-08-18 12:51:05"}
info: Start Get Count User - - - {"timestamp":"2020-08-18 12:51:39"}
info: Start getUser - - - {"timestamp":"2020-08-18 12:51:39"}
info: Start Open Upload File User - - - {"timestamp":"2020-08-18 12:51:41"}
info: Start Get Count User - - - {"timestamp":"2020-08-18 12:52:20"}
info: Start getUser - - - {"timestamp":"2020-08-18 12:52:20"}
info: Start Open Upload File User - - - {"timestamp":"2020-08-18 12:52:22"}
info: Start Open Upload File User - - - {"timestamp":"2020-08-18 12:52:43"}
info: Start Open Upload File User - - - {"timestamp":"2020-08-18 12:52:49"}
info: Start Get Count User - - - {"timestamp":"2020-08-18 12:53:17"}
info: Start getUser - - - {"timestamp":"2020-08-18 12:53:18"}
info: Start Get Count User - - - {"timestamp":"2020-08-18 12:53:35"}
info: Start getUser - - - {"timestamp":"2020-08-18 12:53:35"}
info: Start Open Upload File User - - - {"timestamp":"2020-08-18 12:53:37"}
info: Start Open Upload File User - - - {"timestamp":"2020-08-18 12:53:45"}
info: Start Open Upload File User - - - {"timestamp":"2020-08-18 12:54:00"}
info: Start Upload file - - - {"timestamp":"2020-08-18 12:54:50"}
info: Start Open Upload File User - - - {"timestamp":"2020-08-18 12:54:59"}
info: Start Get Count User - - - {"timestamp":"2020-08-18 12:55:32"}
info: Start getUser - - - {"timestamp":"2020-08-18 12:55:32"}
info: Start Open Upload File User - - - {"timestamp":"2020-08-18 12:55:35"}
info: Start Get Count User - - - {"timestamp":"2020-08-18 12:56:00"}
info: Start getUser - - - {"timestamp":"2020-08-18 12:56:00"}
info: Start Open Upload File User - - - {"timestamp":"2020-08-18 12:56:02"}
info: Start Get Count User - - - {"timestamp":"2020-08-18 12:56:33"}
info: Start getUser - - - {"timestamp":"2020-08-18 12:56:33"}
info: Start Open Upload File User - - - {"timestamp":"2020-08-18 12:57:44"}
info: Start Get Count User - - - {"timestamp":"2020-08-18 13:00:14"}
info: Start getUser - - - {"timestamp":"2020-08-18 13:00:14"}
info: Start Open Upload File User - - - {"timestamp":"2020-08-18 13:00:15"}
info: Start Get Count User - - - {"timestamp":"2020-08-18 13:00:40"}
info: Start getUser - - - {"timestamp":"2020-08-18 13:00:40"}
info: Start Open Upload File User - - - {"timestamp":"2020-08-18 13:00:42"}
info: Start Get Count User - - - {"timestamp":"2020-08-18 13:01:24"}
info: Start getUser - - - {"timestamp":"2020-08-18 13:01:24"}
info: Start Open Upload File User - - - {"timestamp":"2020-08-18 13:01:26"}
info: Start Get Count User - - - {"timestamp":"2020-08-18 13:01:47"}
info: Start getUser - - - {"timestamp":"2020-08-18 13:01:47"}
info: Start Open Upload File User - - - {"timestamp":"2020-08-18 13:01:49"}
info: Start Open Upload File User - - - {"timestamp":"2020-08-18 13:02:01"}
info: Start Get Count User - - - {"timestamp":"2020-08-18 13:02:16"}
info: Start getUser - - - {"timestamp":"2020-08-18 13:02:16"}
info: Start Get Count User - - - {"timestamp":"2020-08-18 13:16:46"}
info: Start getUser - - - {"timestamp":"2020-08-18 13:16:46"}
info: Start Open Upload File User - - - {"timestamp":"2020-08-18 13:16:48"}
info: Start Get Count User - - - {"timestamp":"2020-08-18 13:17:33"}
info: Start getUser - - - {"timestamp":"2020-08-18 13:17:33"}
info: Start Open Upload File User - - - {"timestamp":"2020-08-18 13:17:34"}
info: Start Open Upload File User - - - {"timestamp":"2020-08-18 13:19:44"}
info: Start Get Count User - - - {"timestamp":"2020-08-18 13:19:46"}
info: Start getUser - - - {"timestamp":"2020-08-18 13:19:46"}
info: Start Open Upload File User - - - {"timestamp":"2020-08-18 13:19:49"}
info: Start Get Count User - - - {"timestamp":"2020-08-18 13:20:07"}
info: Start getUser - - - {"timestamp":"2020-08-18 13:20:07"}
info: Start Open Upload File User - - - {"timestamp":"2020-08-18 13:20:09"}
info: APP START ---------- {"timestamp":"2020-08-18 13:23:35"}
info: mongoose trying to connect to mongodb : mongodb://localhost:27017/template {"timestamp":"2020-08-18 13:23:35"}
info: success {"timestamp":"2020-08-18 13:23:35"}
info: Start Get Count User - - - {"timestamp":"2020-08-18 13:23:38"}
info: Start getUser - - - {"timestamp":"2020-08-18 13:23:38"}
info: Start Open Upload File User - - - {"timestamp":"2020-08-18 13:23:40"}
info: Start Open Upload File User - - - {"timestamp":"2020-08-18 13:23:44"}
info: Start Open Upload File User - - - {"timestamp":"2020-08-18 13:23:47"}
info: Start Get Count User - - - {"timestamp":"2020-08-18 13:24:28"}
info: Start getUser - - - {"timestamp":"2020-08-18 13:24:28"}
info: Start Open Upload File User - - - {"timestamp":"2020-08-18 13:24:30"}
info: Start Get Count User - - - {"timestamp":"2020-08-18 13:24:44"}
info: Start getUser - - - {"timestamp":"2020-08-18 13:24:44"}
info: Start Open Upload File User - - - {"timestamp":"2020-08-18 13:24:48"}
info: Start Open Upload File User - - - {"timestamp":"2020-08-18 13:25:04"}
info: Start Open Upload File User - - - {"timestamp":"2020-08-18 13:25:25"}
info: APP START ---------- {"timestamp":"2020-08-18 13:25:39"}
info: mongoose trying to connect to mongodb : mongodb://localhost:27017/template {"timestamp":"2020-08-18 13:25:40"}
info: success {"timestamp":"2020-08-18 13:25:40"}
info: Start getUser - - - {"timestamp":"2020-08-18 13:25:41"}
info: Start Get Count User - - - {"timestamp":"2020-08-18 13:25:43"}
info: Start getUser - - - {"timestamp":"2020-08-18 13:25:43"}
info: Start Open Upload File User - - - {"timestamp":"2020-08-18 13:25:46"}
info: APP START ---------- {"timestamp":"2020-08-18 13:26:22"}
info: mongoose trying to connect to mongodb : mongodb://localhost:27017/template {"timestamp":"2020-08-18 13:26:22"}
info: success {"timestamp":"2020-08-18 13:26:22"}
info: Start Get Count User - - - {"timestamp":"2020-08-18 13:26:23"}
info: Start getUser - - - {"timestamp":"2020-08-18 13:26:23"}
info: Start Open Upload File User - - - {"timestamp":"2020-08-18 13:26:26"}
info: APP START ---------- {"timestamp":"2020-08-18 13:26:43"}
info: mongoose trying to connect to mongodb : mongodb://localhost:27017/template {"timestamp":"2020-08-18 13:26:43"}
info: success {"timestamp":"2020-08-18 13:26:43"}
info: Start Get Count User - - - {"timestamp":"2020-08-18 13:27:02"}
info: Start getUser - - - {"timestamp":"2020-08-18 13:27:03"}
info: Start Open Upload File User - - - {"timestamp":"2020-08-18 13:27:05"}
info: Start Get Count User - - - {"timestamp":"2020-08-18 13:29:05"}
info: Start getUser - - - {"timestamp":"2020-08-18 13:29:05"}
info: Start Get Count User - - - {"timestamp":"2020-08-18 13:31:06"}
info: Start getUser - - - {"timestamp":"2020-08-18 13:31:06"}
info: Start Open Upload File User - - - {"timestamp":"2020-08-18 13:31:08"}
info: Start Get Count User - - - {"timestamp":"2020-08-18 14:01:28"}
info: Start getUser - - - {"timestamp":"2020-08-18 14:01:28"}
info: Start Get Count User - - - {"timestamp":"2020-08-18 14:01:31"}
info: Start getUser - - - {"timestamp":"2020-08-18 14:01:31"}
info: APP START ---------- {"timestamp":"2020-08-18 14:01:35"}
info: mongoose trying to connect to mongodb : mongodb://localhost:27017/template {"timestamp":"2020-08-18 14:01:35"}
info: success {"timestamp":"2020-08-18 14:01:35"}
info: Start Get Count User - - - {"timestamp":"2020-08-18 14:01:38"}
info: Start getUser - - - {"timestamp":"2020-08-18 14:01:38"}
info: Start Upload file - - - {"timestamp":"2020-08-18 14:01:47"}
info: Start Get Count User - - - {"timestamp":"2020-08-18 14:01:49"}
info: Start getUser - - - {"timestamp":"2020-08-18 14:01:49"}
info: Start Open Upload File User - - - {"timestamp":"2020-08-18 14:02:01"}
info: Start Get Count User - - - {"timestamp":"2020-08-18 14:03:03"}
info: Start getUser - - - {"timestamp":"2020-08-18 14:03:03"}
info: Start Open Upload File User - - - {"timestamp":"2020-08-18 14:03:08"}
info: Start Get Count User - - - {"timestamp":"2020-08-18 14:03:42"}
info: Start getUser - - - {"timestamp":"2020-08-18 14:03:42"}
info: Start Open Upload File User - - - {"timestamp":"2020-08-18 14:03:45"}
info: Start Get Count User - - - {"timestamp":"2020-08-18 14:04:09"}
info: Start getUser - - - {"timestamp":"2020-08-18 14:04:09"}
info: Start Open Upload File User - - - {"timestamp":"2020-08-18 14:04:11"}
info: APP START ---------- {"timestamp":"2020-08-18 14:06:00"}
info: mongoose trying to connect to mongodb : mongodb://localhost:27017/template {"timestamp":"2020-08-18 14:06:01"}
info: success {"timestamp":"2020-08-18 14:06:01"}
info: Start Get Count User - - - {"timestamp":"2020-08-18 14:07:10"}
info: Start getUser - - - {"timestamp":"2020-08-18 14:07:10"}
info: Start Open Upload File User - - - {"timestamp":"2020-08-18 14:07:13"}
info: Start Get Count User - - - {"timestamp":"2020-08-18 14:08:16"}
info: Start getUser - - - {"timestamp":"2020-08-18 14:08:16"}
info: Start Open Upload File User - - - {"timestamp":"2020-08-18 14:08:18"}
info: Start Get Count User - - - {"timestamp":"2020-08-18 14:11:04"}
info: Start getUser - - - {"timestamp":"2020-08-18 14:11:04"}
info: Start Open Upload File User - - - {"timestamp":"2020-08-18 14:11:06"}
info: Start Get Count User - - - {"timestamp":"2020-08-18 14:12:16"}
info: Start getUser - - - {"timestamp":"2020-08-18 14:12:16"}
info: Start Open Upload File User - - - {"timestamp":"2020-08-18 14:12:18"}
info: Start Get Count User - - - {"timestamp":"2020-08-18 14:12:55"}
info: Start getUser - - - {"timestamp":"2020-08-18 14:12:55"}
info: Start Open Upload File User - - - {"timestamp":"2020-08-18 14:12:56"}
info: Start Get Count User - - - {"timestamp":"2020-08-18 14:14:07"}
info: Start getUser - - - {"timestamp":"2020-08-18 14:14:07"}
info: Start Open Upload File User - - - {"timestamp":"2020-08-18 14:14:08"}
info: Start Get Count User - - - {"timestamp":"2020-08-18 14:14:41"}
info: Start getUser - - - {"timestamp":"2020-08-18 14:14:41"}
info: Start Open Upload File User - - - {"timestamp":"2020-08-18 14:14:43"}
info: Start Get Count User - - - {"timestamp":"2020-08-18 14:15:12"}
info: Start getUser - - - {"timestamp":"2020-08-18 14:15:12"}
info: Start Open Upload File User - - - {"timestamp":"2020-08-18 14:15:15"}
info: Start Get Count User - - - {"timestamp":"2020-08-18 14:15:49"}
info: Start getUser - - - {"timestamp":"2020-08-18 14:15:49"}
info: Start Get Count User - - - {"timestamp":"2020-08-18 14:15:58"}
info: Start getUser - - - {"timestamp":"2020-08-18 14:15:58"}
info: Start Open Upload File User - - - {"timestamp":"2020-08-18 14:16:00"}
info: Start Get Count User - - - {"timestamp":"2020-08-18 14:16:25"}
info: Start getUser - - - {"timestamp":"2020-08-18 14:16:26"}
info: Start Upload file - - - {"timestamp":"2020-08-18 14:16:54"}
info: Start Get Count User - - - {"timestamp":"2020-08-18 14:16:56"}
info: Start getUser - - - {"timestamp":"2020-08-18 14:16:56"}
info: APP START ---------- {"timestamp":"2020-08-18 14:21:57"}
info: mongoose trying to connect to mongodb : mongodb://localhost:27017/template {"timestamp":"2020-08-18 14:21:57"}
info: success {"timestamp":"2020-08-18 14:21:57"}
info: Start Get Count User - - - {"timestamp":"2020-08-18 14:21:58"}
info: Start getUser - - - {"timestamp":"2020-08-18 14:21:58"}
info: APP START ---------- {"timestamp":"2020-08-18 14:22:19"}
info: mongoose trying to connect to mongodb : mongodb://localhost:27017/template {"timestamp":"2020-08-18 14:22:19"}
info: success {"timestamp":"2020-08-18 14:22:19"}
info: Start Get Count User - - - {"timestamp":"2020-08-18 14:22:19"}
info: Start getUser - - - {"timestamp":"2020-08-18 14:22:19"}
info: Start Open Upload File User - - - {"timestamp":"2020-08-18 14:22:21"}
info: APP START ---------- {"timestamp":"2020-08-18 14:33:42"}
info: mongoose trying to connect to mongodb : mongodb://localhost:27017/template {"timestamp":"2020-08-18 14:33:42"}
error: mongoose connection error : MongoNetworkError: failed to connect to server [localhost:27017] on first connect [Error: connect ECONNREFUSED 127.0.0.1:27017
    at TCPConnectWrap.afterConnect [as oncomplete] (net.js:1142:16) {
  name: 'MongoNetworkError'
}] {"timestamp":"2020-08-18 14:33:42"}
info: APP START ---------- {"timestamp":"2020-08-18 16:24:55"}
info: mongoose trying to connect to mongodb : mongodb://localhost:27017/template {"timestamp":"2020-08-18 16:24:55"}
info: success {"timestamp":"2020-08-18 16:24:55"}
info: APP START ---------- {"timestamp":"2020-08-18 16:50:59"}
info: mongoose trying to connect to mongodb : mongodb://localhost:27017/template {"timestamp":"2020-08-18 16:50:59"}
info: success {"timestamp":"2020-08-18 16:50:59"}
info: APP START ---------- {"timestamp":"2020-08-18 16:52:14"}
info: mongoose trying to connect to mongodb : mongodb://localhost:27017/template {"timestamp":"2020-08-18 16:52:14"}
info: success {"timestamp":"2020-08-18 16:52:14"}
info: Start Get Count User - - - {"timestamp":"2020-08-18 16:59:49"}
info: Start getUser - - - {"timestamp":"2020-08-18 16:59:49"}
info: Start Get Count User - - - {"timestamp":"2020-08-18 17:00:06"}
info: Start getUser - - - {"timestamp":"2020-08-18 17:00:06"}
info: Start Get Count User - - - {"timestamp":"2020-08-18 17:01:11"}
info: Start getUser - - - {"timestamp":"2020-08-18 17:01:11"}
info: Start Get Count User - - - {"timestamp":"2020-08-18 17:01:34"}
info: Start getUser - - - {"timestamp":"2020-08-18 17:01:34"}
info: Start Get Count User - - - {"timestamp":"2020-08-18 17:02:37"}
info: Start getUser - - - {"timestamp":"2020-08-18 17:02:37"}
info: Start Get Count User - - - {"timestamp":"2020-08-18 17:04:17"}
info: Start getUser - - - {"timestamp":"2020-08-18 17:04:17"}
info: Start Get Count User - - - {"timestamp":"2020-08-18 17:04:26"}
info: Start getUser - - - {"timestamp":"2020-08-18 17:04:26"}
info: Start Get Count User - - - {"timestamp":"2020-08-18 17:04:42"}
info: Start getUser - - - {"timestamp":"2020-08-18 17:04:42"}
info: Start Get Count User - - - {"timestamp":"2020-08-18 17:05:18"}
info: Start getUser - - - {"timestamp":"2020-08-18 17:05:18"}
info: Start Get Count User - - - {"timestamp":"2020-08-18 17:05:48"}
info: Start getUser - - - {"timestamp":"2020-08-18 17:05:48"}
info: Start Get Count User - - - {"timestamp":"2020-08-18 17:06:07"}
info: Start getUser - - - {"timestamp":"2020-08-18 17:06:07"}
info: Start Get Count User - - - {"timestamp":"2020-08-18 17:06:21"}
info: Start getUser - - - {"timestamp":"2020-08-18 17:06:21"}
info: Start Get Count User - - - {"timestamp":"2020-08-18 17:06:31"}
info: Start getUser - - - {"timestamp":"2020-08-18 17:06:31"}
info: Start Get Count User - - - {"timestamp":"2020-08-18 17:06:44"}
info: Start getUser - - - {"timestamp":"2020-08-18 17:06:44"}
info: Start Get Count User - - - {"timestamp":"2020-08-18 17:10:08"}
info: Start getUser - - - {"timestamp":"2020-08-18 17:10:08"}
info: Start Get Count User - - - {"timestamp":"2020-08-18 17:10:49"}
info: Start getUser - - - {"timestamp":"2020-08-18 17:10:49"}
info: Start Get Count User - - - {"timestamp":"2020-08-18 17:11:26"}
info: Start getUser - - - {"timestamp":"2020-08-18 17:11:26"}
info: Start Get Count User - - - {"timestamp":"2020-08-18 17:11:39"}
info: Start getUser - - - {"timestamp":"2020-08-18 17:11:39"}
info: Start Get Count User - - - {"timestamp":"2020-08-18 17:12:12"}
info: Start getUser - - - {"timestamp":"2020-08-18 17:12:12"}
info: Start Get Count User - - - {"timestamp":"2020-08-18 17:12:55"}
info: Start getUser - - - {"timestamp":"2020-08-18 17:12:55"}
info: Start Get Count User - - - {"timestamp":"2020-08-18 17:14:08"}
info: Start getUser - - - {"timestamp":"2020-08-18 17:14:08"}
info: Start Get Count User - - - {"timestamp":"2020-08-18 17:14:12"}
info: Start getUser - - - {"timestamp":"2020-08-18 17:14:12"}
info: Start Get Count User - - - {"timestamp":"2020-08-18 17:21:16"}
info: Start getUser - - - {"timestamp":"2020-08-18 17:21:16"}
info: Start Get Count User - - - {"timestamp":"2020-08-18 17:23:13"}
info: Start getUser - - - {"timestamp":"2020-08-18 17:23:13"}
info: APP START ---------- {"timestamp":"2020-08-18 17:35:14"}
info: mongoose trying to connect to mongodb : mongodb://localhost:27017/template {"timestamp":"2020-08-18 17:35:14"}
info: success {"timestamp":"2020-08-18 17:35:14"}
info: Start Get Count User - - - {"timestamp":"2020-08-18 17:36:49"}
info: Start getUser - - - {"timestamp":"2020-08-18 17:36:49"}
info: Start Get Count User - - - {"timestamp":"2020-08-18 17:38:04"}
info: Start getUser - - - {"timestamp":"2020-08-18 17:38:04"}
info: Start Get Count User - - - {"timestamp":"2020-08-18 17:38:15"}
info: Start getUser - - - {"timestamp":"2020-08-18 17:38:15"}
info: APP START ---------- {"timestamp":"2020-08-18 17:39:42"}
info: mongoose trying to connect to mongodb : mongodb://localhost:27017/template {"timestamp":"2020-08-18 17:39:42"}
info: success {"timestamp":"2020-08-18 17:39:42"}
info: Start Get Count User - - - {"timestamp":"2020-08-18 17:39:58"}
info: Start getUser - - - {"timestamp":"2020-08-18 17:39:58"}
info: APP START ---------- {"timestamp":"2020-08-18 17:43:05"}
info: mongoose trying to connect to mongodb : mongodb://localhost:27017/template {"timestamp":"2020-08-18 17:43:07"}
info: success {"timestamp":"2020-08-18 17:43:07"}
info: APP START ---------- {"timestamp":"2020-08-18 17:45:41"}
info: mongoose trying to connect to mongodb : mongodb://localhost:27017/template {"timestamp":"2020-08-18 17:45:41"}
info: success {"timestamp":"2020-08-18 17:45:41"}
info: APP START ---------- {"timestamp":"2020-08-18 17:50:23"}
info: mongoose trying to connect to mongodb : mongodb://localhost:27017/template {"timestamp":"2020-08-18 17:50:23"}
info: success {"timestamp":"2020-08-18 17:50:23"}
info: APP START ---------- {"timestamp":"2020-08-18 17:52:09"}
info: mongoose trying to connect to mongodb : mongodb://localhost:27017/template {"timestamp":"2020-08-18 17:52:09"}
info: success {"timestamp":"2020-08-18 17:52:09"}
info: APP START ---------- {"timestamp":"2020-08-18 17:54:51"}
info: mongoose trying to connect to mongodb : mongodb://localhost:27017/template {"timestamp":"2020-08-18 17:54:51"}
info: success {"timestamp":"2020-08-18 17:54:51"}
info: APP START ---------- {"timestamp":"2020-08-18 17:57:54"}
info: mongoose trying to connect to mongodb : mongodb://localhost:27017/template {"timestamp":"2020-08-18 17:57:54"}
info: success {"timestamp":"2020-08-18 17:57:54"}
info: APP START ---------- {"timestamp":"2020-08-18 17:58:28"}
info: mongoose trying to connect to mongodb : mongodb://localhost:27017/template {"timestamp":"2020-08-18 17:58:28"}
info: success {"timestamp":"2020-08-18 17:58:28"}
info: APP START ---------- {"timestamp":"2020-08-18 17:59:33"}
info: mongoose trying to connect to mongodb : mongodb://localhost:27017/template {"timestamp":"2020-08-18 17:59:33"}
info: success {"timestamp":"2020-08-18 17:59:33"}
info: APP START ---------- {"timestamp":"2020-08-18 18:00:47"}
info: mongoose trying to connect to mongodb : mongodb://localhost:27017/template {"timestamp":"2020-08-18 18:00:47"}
info: success {"timestamp":"2020-08-18 18:00:47"}
info: APP START ---------- {"timestamp":"2020-08-18 18:01:03"}
info: mongoose trying to connect to mongodb : mongodb://localhost:27017/template {"timestamp":"2020-08-18 18:01:03"}
info: success {"timestamp":"2020-08-18 18:01:03"}
info: APP START ---------- {"timestamp":"2020-08-18 18:02:23"}
info: mongoose trying to connect to mongodb : mongodb://localhost:27017/template {"timestamp":"2020-08-18 18:02:23"}
info: success {"timestamp":"2020-08-18 18:02:23"}
info: APP START ---------- {"timestamp":"2020-08-18 18:02:54"}
info: mongoose trying to connect to mongodb : mongodb://localhost:27017/template {"timestamp":"2020-08-18 18:02:54"}
info: success {"timestamp":"2020-08-18 18:02:54"}
info: APP START ---------- {"timestamp":"2020-08-18 20:25:11"}
info: mongoose trying to connect to mongodb : mongodb://localhost:27017/template {"timestamp":"2020-08-18 20:25:11"}
info: success {"timestamp":"2020-08-18 20:25:11"}
info: Start Get Count User - - - {"timestamp":"2020-08-18 20:26:03"}
info: Start getUser - - - {"timestamp":"2020-08-18 20:26:03"}
info: APP START ---------- {"timestamp":"2020-08-18 20:27:08"}
info: mongoose trying to connect to mongodb : mongodb://localhost:27017/template {"timestamp":"2020-08-18 20:27:08"}
info: success {"timestamp":"2020-08-18 20:27:08"}
info: APP START ---------- {"timestamp":"2020-08-18 20:28:28"}
info: mongoose trying to connect to mongodb : mongodb://localhost:27017/template {"timestamp":"2020-08-18 20:28:28"}
info: success {"timestamp":"2020-08-18 20:28:28"}
info: APP START ---------- {"timestamp":"2020-08-18 20:29:04"}
info: mongoose trying to connect to mongodb : mongodb://localhost:27017/template {"timestamp":"2020-08-18 20:29:04"}
info: success {"timestamp":"2020-08-18 20:29:04"}
info: APP START ---------- {"timestamp":"2020-08-18 20:30:30"}
info: mongoose trying to connect to mongodb : mongodb://localhost:27017/template {"timestamp":"2020-08-18 20:30:30"}
info: success {"timestamp":"2020-08-18 20:30:30"}
info: APP START ---------- {"timestamp":"2020-08-18 20:30:49"}
info: mongoose trying to connect to mongodb : mongodb://localhost:27017/template {"timestamp":"2020-08-18 20:30:49"}
info: success {"timestamp":"2020-08-18 20:30:49"}
info: APP START ---------- {"timestamp":"2020-08-18 20:31:49"}
info: mongoose trying to connect to mongodb : mongodb://localhost:27017/template {"timestamp":"2020-08-18 20:31:49"}
info: success {"timestamp":"2020-08-18 20:31:49"}
info: Start Get Count User - - - {"timestamp":"2020-08-18 20:43:00"}
info: Start getUser - - - {"timestamp":"2020-08-18 20:43:00"}
info: APP START ---------- {"timestamp":"2020-08-18 20:46:25"}
info: mongoose trying to connect to mongodb : mongodb://localhost:27017/template {"timestamp":"2020-08-18 20:46:25"}
info: success {"timestamp":"2020-08-18 20:46:25"}
info: APP START ---------- {"timestamp":"2020-08-18 20:49:27"}
info: mongoose trying to connect to mongodb : mongodb://localhost:27017/template {"timestamp":"2020-08-18 20:49:28"}
info: success {"timestamp":"2020-08-18 20:49:28"}
info: APP START ---------- {"timestamp":"2020-08-18 20:51:22"}
info: mongoose trying to connect to mongodb : mongodb://localhost:27017/template {"timestamp":"2020-08-18 20:51:22"}
info: success {"timestamp":"2020-08-18 20:51:22"}
info: APP START ---------- {"timestamp":"2020-08-18 20:52:00"}
info: mongoose trying to connect to mongodb : mongodb://localhost:27017/template {"timestamp":"2020-08-18 20:52:00"}
info: success {"timestamp":"2020-08-18 20:52:00"}
info: APP START ---------- {"timestamp":"2020-08-18 20:53:42"}
info: mongoose trying to connect to mongodb : mongodb://localhost:27017/template {"timestamp":"2020-08-18 20:53:42"}
info: success {"timestamp":"2020-08-18 20:53:42"}
info: APP START ---------- {"timestamp":"2020-08-18 20:54:01"}
info: mongoose trying to connect to mongodb : mongodb://localhost:27017/template {"timestamp":"2020-08-18 20:54:01"}
info: success {"timestamp":"2020-08-18 20:54:01"}
info: APP START ---------- {"timestamp":"2020-08-18 20:54:18"}
info: mongoose trying to connect to mongodb : mongodb://localhost:27017/template {"timestamp":"2020-08-18 20:54:18"}
info: success {"timestamp":"2020-08-18 20:54:18"}
info: APP START ---------- {"timestamp":"2020-08-18 20:55:22"}
info: mongoose trying to connect to mongodb : mongodb://localhost:27017/template {"timestamp":"2020-08-18 20:55:22"}
info: success {"timestamp":"2020-08-18 20:55:22"}
info: APP START ---------- {"timestamp":"2020-08-18 20:55:43"}
info: mongoose trying to connect to mongodb : mongodb://localhost:27017/template {"timestamp":"2020-08-18 20:55:43"}
info: success {"timestamp":"2020-08-18 20:55:43"}
info: APP START ---------- {"timestamp":"2020-08-18 20:56:01"}
info: mongoose trying to connect to mongodb : mongodb://localhost:27017/template {"timestamp":"2020-08-18 20:56:01"}
info: success {"timestamp":"2020-08-18 20:56:01"}
info: APP START ---------- {"timestamp":"2020-08-18 20:56:25"}
info: mongoose trying to connect to mongodb : mongodb://localhost:27017/template {"timestamp":"2020-08-18 20:56:25"}
info: success {"timestamp":"2020-08-18 20:56:25"}
info: APP START ---------- {"timestamp":"2020-08-18 20:57:09"}
info: mongoose trying to connect to mongodb : mongodb://localhost:27017/template {"timestamp":"2020-08-18 20:57:09"}
info: success {"timestamp":"2020-08-18 20:57:09"}
info: APP START ---------- {"timestamp":"2020-08-18 20:57:56"}
info: mongoose trying to connect to mongodb : mongodb://localhost:27017/template {"timestamp":"2020-08-18 20:57:56"}
info: success {"timestamp":"2020-08-18 20:57:56"}
info: APP START ---------- {"timestamp":"2020-08-18 20:58:02"}
info: mongoose trying to connect to mongodb : mongodb://localhost:27017/template {"timestamp":"2020-08-18 20:58:03"}
info: success {"timestamp":"2020-08-18 20:58:03"}
info: APP START ---------- {"timestamp":"2020-08-18 20:58:50"}
info: mongoose trying to connect to mongodb : mongodb://localhost:27017/template {"timestamp":"2020-08-18 20:58:50"}
info: success {"timestamp":"2020-08-18 20:58:50"}
info: APP START ---------- {"timestamp":"2020-08-18 20:59:04"}
info: mongoose trying to connect to mongodb : mongodb://localhost:27017/template {"timestamp":"2020-08-18 20:59:05"}
info: success {"timestamp":"2020-08-18 20:59:05"}
info: APP START ---------- {"timestamp":"2020-08-18 20:59:26"}
info: mongoose trying to connect to mongodb : mongodb://localhost:27017/template {"timestamp":"2020-08-18 20:59:26"}
info: success {"timestamp":"2020-08-18 20:59:26"}
info: APP START ---------- {"timestamp":"2020-08-18 21:00:27"}
info: mongoose trying to connect to mongodb : mongodb://localhost:27017/template {"timestamp":"2020-08-18 21:00:27"}
info: success {"timestamp":"2020-08-18 21:00:27"}
info: Start Search All Field - - - {"timestamp":"2020-08-18 21:12:23"}
info: Start Search All Field - - - {"timestamp":"2020-08-18 21:12:23"}
info: Start Search All Field - - - {"timestamp":"2020-08-18 21:12:24"}
info: Start Search All Field - - - {"timestamp":"2020-08-18 21:12:25"}
info: Start Search All Field - - - {"timestamp":"2020-08-18 21:12:27"}
info: Start Search All Field - - - {"timestamp":"2020-08-18 21:12:27"}
info: Start Search All Field - - - {"timestamp":"2020-08-18 21:12:28"}
info: Start Search All Field - - - {"timestamp":"2020-08-18 21:12:29"}
info: Start Search All Field - - - {"timestamp":"2020-08-18 21:12:33"}
info: Start Search All Field - - - {"timestamp":"2020-08-18 21:12:33"}
info: Start Search All Field - - - {"timestamp":"2020-08-18 21:12:33"}
info: Start Search All Field - - - {"timestamp":"2020-08-18 21:12:34"}
info: Start Search All Field - - - {"timestamp":"2020-08-18 21:12:34"}
info: Start Search All Field - - - {"timestamp":"2020-08-18 21:12:34"}
info: Start Search All Field - - - {"timestamp":"2020-08-18 21:12:34"}
info: Start Search All Field - - - {"timestamp":"2020-08-18 21:12:34"}
info: Start Search All Field - - - {"timestamp":"2020-08-18 21:12:34"}
info: Start Search All Field - - - {"timestamp":"2020-08-18 21:12:36"}
info: Start Search All Field - - - {"timestamp":"2020-08-18 21:12:36"}
info: Start Search All Field - - - {"timestamp":"2020-08-18 21:12:36"}
info: Start Search All Field - - - {"timestamp":"2020-08-18 21:12:36"}
info: Start Search All Field - - - {"timestamp":"2020-08-18 21:12:37"}
info: Start Search All Field - - - {"timestamp":"2020-08-18 21:12:37"}
info: Start Search All Field - - - {"timestamp":"2020-08-18 21:12:37"}
info: Start Search All Field - - - {"timestamp":"2020-08-18 21:12:37"}
info: Start Search All Field - - - {"timestamp":"2020-08-18 21:12:37"}
info: Start Search All Field - - - {"timestamp":"2020-08-18 21:12:40"}
info: Start Search All Field - - - {"timestamp":"2020-08-18 21:12:40"}
info: Start Search All Field - - - {"timestamp":"2020-08-18 21:12:42"}
info: Start Search All Field - - - {"timestamp":"2020-08-18 21:12:42"}
info: Start getUser - - - {"timestamp":"2020-08-18 21:12:45"}
info: Start getUser - - - {"timestamp":"2020-08-18 21:12:46"}
info: Start getUser - - - {"timestamp":"2020-08-18 21:12:46"}
info: Start getUser - - - {"timestamp":"2020-08-18 21:12:46"}
info: Start getUser - - - {"timestamp":"2020-08-18 21:12:47"}
info: Start getUser - - - {"timestamp":"2020-08-18 21:12:47"}
info: Start getUser - - - {"timestamp":"2020-08-18 21:12:48"}
info: Start getUser - - - {"timestamp":"2020-08-18 21:12:48"}
info: Start getUser - - - {"timestamp":"2020-08-18 21:12:48"}
info: Start getUser - - - {"timestamp":"2020-08-18 21:12:53"}
info: Start getUser - - - {"timestamp":"2020-08-18 21:12:54"}
info: Start getUser - - - {"timestamp":"2020-08-18 21:12:54"}
info: Start getUser - - - {"timestamp":"2020-08-18 21:12:55"}
info: Start getUser - - - {"timestamp":"2020-08-18 21:12:56"}
info: Start getUser - - - {"timestamp":"2020-08-18 21:12:56"}
info: Start getUser - - - {"timestamp":"2020-08-18 21:12:57"}
info: Start getUser - - - {"timestamp":"2020-08-18 21:12:58"}
info: Start getUser - - - {"timestamp":"2020-08-18 21:13:25"}
info: Start Open Upload File User - - - {"timestamp":"2020-08-18 21:13:27"}
info: Start getUser - - - {"timestamp":"2020-08-18 21:13:45"}
info: Start Open Upload File User - - - {"timestamp":"2020-08-18 21:13:51"}
info: Start Open Upload File User - - - {"timestamp":"2020-08-18 21:14:41"}
info: APP START ---------- {"timestamp":"2020-08-18 21:41:35"}
info: mongoose trying to connect to mongodb : mongodb://localhost:27017/template {"timestamp":"2020-08-18 21:41:35"}
info: success {"timestamp":"2020-08-18 21:41:35"}
info: Start Get Count User - - - {"timestamp":"2020-08-18 21:41:42"}
info: Start getUser - - - {"timestamp":"2020-08-18 21:41:42"}
info: APP START ---------- {"timestamp":"2020-08-18 21:43:10"}
info: mongoose trying to connect to mongodb : mongodb://localhost:27017/template {"timestamp":"2020-08-18 21:43:10"}
info: success {"timestamp":"2020-08-18 21:43:10"}
info: APP START ---------- {"timestamp":"2020-08-18 21:45:05"}
info: mongoose trying to connect to mongodb : mongodb://localhost:27017/template {"timestamp":"2020-08-18 21:45:05"}
info: success {"timestamp":"2020-08-18 21:45:05"}
info: APP START ---------- {"timestamp":"2020-08-18 21:45:56"}
info: mongoose trying to connect to mongodb : mongodb://localhost:27017/template {"timestamp":"2020-08-18 21:45:56"}
info: success {"timestamp":"2020-08-18 21:45:56"}
info: APP START ---------- {"timestamp":"2020-08-18 21:47:46"}
info: mongoose trying to connect to mongodb : mongodb://localhost:27017/template {"timestamp":"2020-08-18 21:47:46"}
info: success {"timestamp":"2020-08-18 21:47:46"}
info: APP START ---------- {"timestamp":"2020-08-18 21:48:44"}
info: mongoose trying to connect to mongodb : mongodb://localhost:27017/template {"timestamp":"2020-08-18 21:48:44"}
info: success {"timestamp":"2020-08-18 21:48:44"}
info: APP START ---------- {"timestamp":"2020-08-18 21:49:11"}
info: mongoose trying to connect to mongodb : mongodb://localhost:27017/template {"timestamp":"2020-08-18 21:49:11"}
info: success {"timestamp":"2020-08-18 21:49:11"}
info: APP START ---------- {"timestamp":"2020-08-18 21:49:40"}
info: mongoose trying to connect to mongodb : mongodb://localhost:27017/template {"timestamp":"2020-08-18 21:49:40"}
info: success {"timestamp":"2020-08-18 21:49:40"}
info: APP START ---------- {"timestamp":"2020-08-18 21:55:03"}
info: mongoose trying to connect to mongodb : mongodb://localhost:27017/template {"timestamp":"2020-08-18 21:55:03"}
info: success {"timestamp":"2020-08-18 21:55:03"}
info: APP START ---------- {"timestamp":"2020-08-18 21:55:23"}
info: mongoose trying to connect to mongodb : mongodb://localhost:27017/template {"timestamp":"2020-08-18 21:55:23"}
info: success {"timestamp":"2020-08-18 21:55:23"}
info: APP START ---------- {"timestamp":"2020-08-18 21:55:55"}
info: mongoose trying to connect to mongodb : mongodb://localhost:27017/template {"timestamp":"2020-08-18 21:55:55"}
info: success {"timestamp":"2020-08-18 21:55:55"}
info: APP START ---------- {"timestamp":"2020-08-18 21:56:17"}
info: mongoose trying to connect to mongodb : mongodb://localhost:27017/template {"timestamp":"2020-08-18 21:56:17"}
info: success {"timestamp":"2020-08-18 21:56:17"}
info: APP START ---------- {"timestamp":"2020-08-18 21:58:44"}
info: mongoose trying to connect to mongodb : mongodb://localhost:27017/template {"timestamp":"2020-08-18 21:58:44"}
info: success {"timestamp":"2020-08-18 21:58:44"}
info: APP START ---------- {"timestamp":"2020-08-18 21:59:12"}
info: mongoose trying to connect to mongodb : mongodb://localhost:27017/template {"timestamp":"2020-08-18 21:59:12"}
info: success {"timestamp":"2020-08-18 21:59:12"}
info: APP START ---------- {"timestamp":"2020-08-18 21:59:59"}
info: mongoose trying to connect to mongodb : mongodb://localhost:27017/template {"timestamp":"2020-08-18 21:59:59"}
info: success {"timestamp":"2020-08-18 21:59:59"}
info: APP START ---------- {"timestamp":"2020-08-18 22:00:31"}
info: mongoose trying to connect to mongodb : mongodb://localhost:27017/template {"timestamp":"2020-08-18 22:00:31"}
info: success {"timestamp":"2020-08-18 22:00:31"}
info: APP START ---------- {"timestamp":"2020-08-18 22:01:25"}
info: mongoose trying to connect to mongodb : mongodb://localhost:27017/template {"timestamp":"2020-08-18 22:01:25"}
info: success {"timestamp":"2020-08-18 22:01:25"}
info: APP START ---------- {"timestamp":"2020-08-18 22:04:28"}
info: mongoose trying to connect to mongodb : mongodb://localhost:27017/template {"timestamp":"2020-08-18 22:04:28"}
info: success {"timestamp":"2020-08-18 22:04:28"}
info: APP START ---------- {"timestamp":"2020-08-18 22:06:54"}
info: mongoose trying to connect to mongodb : mongodb://localhost:27017/template {"timestamp":"2020-08-18 22:06:54"}
info: success {"timestamp":"2020-08-18 22:06:54"}
info: APP START ---------- {"timestamp":"2020-08-18 22:09:48"}
info: mongoose trying to connect to mongodb : mongodb://localhost:27017/template {"timestamp":"2020-08-18 22:09:48"}
info: success {"timestamp":"2020-08-18 22:09:48"}
info: APP START ---------- {"timestamp":"2020-08-18 22:11:26"}
info: mongoose trying to connect to mongodb : mongodb://localhost:27017/template {"timestamp":"2020-08-18 22:11:26"}
info: success {"timestamp":"2020-08-18 22:11:26"}
info: APP START ---------- {"timestamp":"2020-08-18 22:12:28"}
info: mongoose trying to connect to mongodb : mongodb://localhost:27017/template {"timestamp":"2020-08-18 22:12:28"}
info: success {"timestamp":"2020-08-18 22:12:28"}
info: APP START ---------- {"timestamp":"2020-08-18 22:13:30"}
info: mongoose trying to connect to mongodb : mongodb://localhost:27017/template {"timestamp":"2020-08-18 22:13:30"}
info: success {"timestamp":"2020-08-18 22:13:30"}
info: APP START ---------- {"timestamp":"2020-08-18 22:13:48"}
info: mongoose trying to connect to mongodb : mongodb://localhost:27017/template {"timestamp":"2020-08-18 22:13:48"}
info: success {"timestamp":"2020-08-18 22:13:48"}
info: APP START ---------- {"timestamp":"2020-08-18 22:14:31"}
info: mongoose trying to connect to mongodb : mongodb://localhost:27017/template {"timestamp":"2020-08-18 22:14:31"}
info: success {"timestamp":"2020-08-18 22:14:31"}
info: APP START ---------- {"timestamp":"2020-08-18 22:14:58"}
info: mongoose trying to connect to mongodb : mongodb://localhost:27017/template {"timestamp":"2020-08-18 22:14:58"}
info: success {"timestamp":"2020-08-18 22:14:58"}
info: APP START ---------- {"timestamp":"2020-08-18 22:15:14"}
info: mongoose trying to connect to mongodb : mongodb://localhost:27017/template {"timestamp":"2020-08-18 22:15:14"}
info: success {"timestamp":"2020-08-18 22:15:14"}
info: APP START ---------- {"timestamp":"2020-08-18 22:15:57"}
info: mongoose trying to connect to mongodb : mongodb://localhost:27017/template {"timestamp":"2020-08-18 22:15:57"}
info: success {"timestamp":"2020-08-18 22:15:57"}
info: APP START ---------- {"timestamp":"2020-08-18 22:16:35"}
info: mongoose trying to connect to mongodb : mongodb://localhost:27017/template {"timestamp":"2020-08-18 22:16:35"}
info: success {"timestamp":"2020-08-18 22:16:35"}
info: APP START ---------- {"timestamp":"2020-08-18 22:17:44"}
info: mongoose trying to connect to mongodb : mongodb://localhost:27017/template {"timestamp":"2020-08-18 22:17:44"}
info: success {"timestamp":"2020-08-18 22:17:44"}
info: Start Get Count User - - - {"timestamp":"2020-08-18 22:18:35"}
info: Start getUser - - - {"timestamp":"2020-08-18 22:18:35"}
info: Start Get Count User - - - {"timestamp":"2020-08-18 22:18:56"}
info: Start getUser - - - {"timestamp":"2020-08-18 22:18:56"}
info: Start Get Count User - - - {"timestamp":"2020-08-18 22:18:56"}
info: Start getUser - - - {"timestamp":"2020-08-18 22:18:56"}
info: Start Get Count User - - - {"timestamp":"2020-08-18 22:18:56"}
info: Start getUser - - - {"timestamp":"2020-08-18 22:18:56"}
info: Start Get Count User - - - {"timestamp":"2020-08-18 22:18:56"}
info: Start getUser - - - {"timestamp":"2020-08-18 22:18:56"}
info: Start Get Count User - - - {"timestamp":"2020-08-18 22:18:56"}
info: Start getUser - - - {"timestamp":"2020-08-18 22:18:56"}
info: APP START ---------- {"timestamp":"2020-08-18 22:20:53"}
info: mongoose trying to connect to mongodb : mongodb://localhost:27017/template {"timestamp":"2020-08-18 22:20:54"}
info: success {"timestamp":"2020-08-18 22:20:54"}
info: APP START ---------- {"timestamp":"2020-08-18 22:21:24"}
info: mongoose trying to connect to mongodb : mongodb://localhost:27017/template {"timestamp":"2020-08-18 22:21:24"}
info: success {"timestamp":"2020-08-18 22:21:24"}
info: APP START ---------- {"timestamp":"2020-08-18 22:26:20"}
info: mongoose trying to connect to mongodb : mongodb://localhost:27017/template {"timestamp":"2020-08-18 22:26:20"}
info: success {"timestamp":"2020-08-18 22:26:20"}
info: APP START ---------- {"timestamp":"2020-08-18 22:26:41"}
info: mongoose trying to connect to mongodb : mongodb://localhost:27017/template {"timestamp":"2020-08-18 22:26:42"}
info: success {"timestamp":"2020-08-18 22:26:42"}
info: APP START ---------- {"timestamp":"2020-08-18 22:26:57"}
info: mongoose trying to connect to mongodb : mongodb://localhost:27017/template {"timestamp":"2020-08-18 22:26:57"}
info: success {"timestamp":"2020-08-18 22:26:57"}
info: APP START ---------- {"timestamp":"2020-08-18 22:27:30"}
info: mongoose trying to connect to mongodb : mongodb://localhost:27017/template {"timestamp":"2020-08-18 22:27:30"}
info: success {"timestamp":"2020-08-18 22:27:30"}
info: APP START ---------- {"timestamp":"2020-08-18 22:27:45"}
info: mongoose trying to connect to mongodb : mongodb://localhost:27017/template {"timestamp":"2020-08-18 22:27:45"}
info: success {"timestamp":"2020-08-18 22:27:45"}
info: APP START ---------- {"timestamp":"2020-08-18 22:32:41"}
info: mongoose trying to connect to mongodb : mongodb://localhost:27017/template {"timestamp":"2020-08-18 22:32:41"}
info: success {"timestamp":"2020-08-18 22:32:41"}
