info: APP START ---------- {"timestamp":"2020-08-13 09:52:07"}
info: mongoose trying to connect to mongodb : mongodb://localhost:27017/template {"timestamp":"2020-08-13 09:52:07"}
info: success {"timestamp":"2020-08-13 09:52:07"}
info: Start getUser - - - {"timestamp":"2020-08-13 09:53:02"}
info: Start getUser - - - {"timestamp":"2020-08-13 09:53:04"}
info: Start getUser - - - {"timestamp":"2020-08-13 09:53:06"}
info: Start getUser - - - {"timestamp":"2020-08-13 09:53:09"}
info: Start getUser - - - {"timestamp":"2020-08-13 09:53:09"}
info: Start getUser - - - {"timestamp":"2020-08-13 09:53:10"}
info: Start getUser - - - {"timestamp":"2020-08-13 09:53:11"}
info: Start getUser - - - {"timestamp":"2020-08-13 09:53:11"}
info: Start getUser - - - {"timestamp":"2020-08-13 09:53:12"}
info: Start getUser - - - {"timestamp":"2020-08-13 09:59:26"}
info: APP START ---------- {"timestamp":"2020-08-13 11:21:01"}
info: mongoose trying to connect to mongodb : mongodb://localhost:27017/template {"timestamp":"2020-08-13 11:21:01"}
info: success {"timestamp":"2020-08-13 11:21:01"}
info: APP START ---------- {"timestamp":"2020-08-13 11:21:19"}
info: mongoose trying to connect to mongodb : mongodb://localhost:27017/template {"timestamp":"2020-08-13 11:21:19"}
info: success {"timestamp":"2020-08-13 11:21:19"}
info: APP START ---------- {"timestamp":"2020-08-13 12:00:39"}
info: mongoose trying to connect to mongodb : mongodb://localhost:27017/template {"timestamp":"2020-08-13 12:00:39"}
info: success {"timestamp":"2020-08-13 12:00:39"}
info: APP START ---------- {"timestamp":"2020-08-13 12:00:53"}
info: mongoose trying to connect to mongodb : mongodb://localhost:27017/template {"timestamp":"2020-08-13 12:00:53"}
info: success {"timestamp":"2020-08-13 12:00:53"}
info: Start getUser - - - {"timestamp":"2020-08-13 12:01:21"}
info: Start getUser - - - {"timestamp":"2020-08-13 12:01:23"}
info: Start getUser - - - {"timestamp":"2020-08-13 12:01:25"}
info: Start getUser - - - {"timestamp":"2020-08-13 12:01:34"}
info: Start getUser - - - {"timestamp":"2020-08-13 12:01:34"}
info: Start getUser - - - {"timestamp":"2020-08-13 12:01:35"}
info: Start getUser - - - {"timestamp":"2020-08-13 12:01:35"}
info: Start getUser - - - {"timestamp":"2020-08-13 12:01:35"}
info: Start getUser - - - {"timestamp":"2020-08-13 12:01:52"}
info: Start getUser - - - {"timestamp":"2020-08-13 12:02:18"}
info: Start getUser - - - {"timestamp":"2020-08-13 12:02:20"}
info: Start getUser - - - {"timestamp":"2020-08-13 12:02:20"}
info: Start getUser - - - {"timestamp":"2020-08-13 12:02:22"}
info: Start getUser - - - {"timestamp":"2020-08-13 12:02:32"}
info: Start getUser - - - {"timestamp":"2020-08-13 12:02:33"}
info: Start getUser - - - {"timestamp":"2020-08-13 12:02:43"}
info: Start getUser - - - {"timestamp":"2020-08-13 12:02:43"}
info: Start getUser - - - {"timestamp":"2020-08-13 12:02:43"}
info: Start getUser - - - {"timestamp":"2020-08-13 12:04:12"}
info: Start getUser - - - {"timestamp":"2020-08-13 12:04:15"}
info: Start getUser - - - {"timestamp":"2020-08-13 12:04:16"}
info: Start getUser - - - {"timestamp":"2020-08-13 12:04:16"}
info: Start getUser - - - {"timestamp":"2020-08-13 12:04:17"}
info: Start getUser - - - {"timestamp":"2020-08-13 12:04:17"}
info: APP START ---------- {"timestamp":"2020-08-13 12:05:08"}
info: mongoose trying to connect to mongodb : mongodb://localhost:27017/template {"timestamp":"2020-08-13 12:05:08"}
info: success {"timestamp":"2020-08-13 12:05:08"}
info: Start getUser - - - {"timestamp":"2020-08-13 12:05:09"}
info: Start getUser - - - {"timestamp":"2020-08-13 12:05:11"}
info: Start getUser - - - {"timestamp":"2020-08-13 12:05:12"}
info: Start getUser - - - {"timestamp":"2020-08-13 12:05:13"}
info: APP START ---------- {"timestamp":"2020-08-13 12:05:22"}
info: mongoose trying to connect to mongodb : mongodb://localhost:27017/template {"timestamp":"2020-08-13 12:05:22"}
info: success {"timestamp":"2020-08-13 12:05:22"}
info: Start getUser - - - {"timestamp":"2020-08-13 12:05:24"}
info: Start getUser - - - {"timestamp":"2020-08-13 12:05:25"}
info: Start getUser - - - {"timestamp":"2020-08-13 12:05:25"}
info: Start getUser - - - {"timestamp":"2020-08-13 12:05:25"}
info: Start getUser - - - {"timestamp":"2020-08-13 12:05:57"}
info: Start User Delete --- {"timestamp":"2020-08-13 12:05:59"}
info: Start getUser - - - {"timestamp":"2020-08-13 12:05:59"}
info: Start getUser - - - {"timestamp":"2020-08-13 12:06:02"}
info: Start User Delete --- {"timestamp":"2020-08-13 12:06:04"}
info: Start getUser - - - {"timestamp":"2020-08-13 12:06:04"}
info: Start getUser - - - {"timestamp":"2020-08-13 12:06:18"}
info: Start getUser - - - {"timestamp":"2020-08-13 12:06:20"}
info: Start getUser - - - {"timestamp":"2020-08-13 12:06:25"}
info: APP START ---------- {"timestamp":"2020-08-13 12:08:36"}
info: mongoose trying to connect to mongodb : mongodb://localhost:27017/template {"timestamp":"2020-08-13 12:08:37"}
info: success {"timestamp":"2020-08-13 12:08:37"}
info: Start getUser - - - {"timestamp":"2020-08-13 12:08:38"}
info: Start Get User by Role --- {"timestamp":"2020-08-13 12:08:40"}
info: Start Get User by Role --- {"timestamp":"2020-08-13 12:08:43"}
info: Start getUser - - - {"timestamp":"2020-08-13 12:09:05"}
info: Start Search all feald {"timestamp":"2020-08-13 12:09:06"}
info: Start Search all feald {"timestamp":"2020-08-13 12:09:06"}
info: Start Search all feald {"timestamp":"2020-08-13 12:09:08"}
info: Start Search all feald {"timestamp":"2020-08-13 12:09:09"}
info: Start Search all feald {"timestamp":"2020-08-13 12:09:09"}
info: Start Search all feald {"timestamp":"2020-08-13 12:09:10"}
info: APP START ---------- {"timestamp":"2020-08-13 12:09:58"}
info: mongoose trying to connect to mongodb : mongodb://localhost:27017/template {"timestamp":"2020-08-13 12:09:58"}
info: success {"timestamp":"2020-08-13 12:09:58"}
info: Start getUser - - - {"timestamp":"2020-08-13 12:09:59"}
info: APP START ---------- {"timestamp":"2020-08-13 12:10:02"}
info: mongoose trying to connect to mongodb : mongodb://localhost:27017/template {"timestamp":"2020-08-13 12:10:02"}
info: success {"timestamp":"2020-08-13 12:10:02"}
info: APP START ---------- {"timestamp":"2020-08-13 12:12:21"}
info: mongoose trying to connect to mongodb : mongodb://localhost:27017/template {"timestamp":"2020-08-13 12:12:22"}
info: success {"timestamp":"2020-08-13 12:12:22"}
info: APP START ---------- {"timestamp":"2020-08-13 12:12:34"}
info: mongoose trying to connect to mongodb : mongodb://localhost:27017/template {"timestamp":"2020-08-13 12:12:34"}
info: success {"timestamp":"2020-08-13 12:12:34"}
info: Start getUser - - - {"timestamp":"2020-08-13 12:12:41"}
info: Start adduser - - - {"timestamp":"2020-08-13 12:13:06"}
info: Start getUser - - - {"timestamp":"2020-08-13 12:13:06"}
info: Start Get User by Role --- {"timestamp":"2020-08-13 12:13:11"}
info: Start Get User by Role --- {"timestamp":"2020-08-13 12:13:13"}
info: Start getUser - - - {"timestamp":"2020-08-13 12:14:31"}
info: APP START ---------- {"timestamp":"2020-08-13 12:17:17"}
info: mongoose trying to connect to mongodb : mongodb://localhost:27017/template {"timestamp":"2020-08-13 12:17:17"}
info: success {"timestamp":"2020-08-13 12:17:17"}
info: Start getUser - - - {"timestamp":"2020-08-13 12:22:33"}
info: APP START ---------- {"timestamp":"2020-08-13 12:24:31"}
info: mongoose trying to connect to mongodb : mongodb://localhost:27017/template {"timestamp":"2020-08-13 12:24:31"}
info: success {"timestamp":"2020-08-13 12:24:31"}
info: Start getUser - - - {"timestamp":"2020-08-13 12:24:35"}
info: Start User Delete --- {"timestamp":"2020-08-13 12:24:40"}
info: Start getUser - - - {"timestamp":"2020-08-13 12:24:40"}
info: Start User Delete --- {"timestamp":"2020-08-13 12:24:41"}
info: Start getUser - - - {"timestamp":"2020-08-13 12:24:41"}
info: Start User Delete --- {"timestamp":"2020-08-13 12:24:42"}
info: Start getUser - - - {"timestamp":"2020-08-13 12:24:42"}
info: APP START ---------- {"timestamp":"2020-08-13 12:24:52"}
info: mongoose trying to connect to mongodb : mongodb://localhost:27017/template {"timestamp":"2020-08-13 12:24:52"}
info: success {"timestamp":"2020-08-13 12:24:52"}
info: Start getUser - - - {"timestamp":"2020-08-13 12:24:54"}
info: Start User Delete --- {"timestamp":"2020-08-13 12:24:56"}
info: Start getUser - - - {"timestamp":"2020-08-13 12:24:56"}
info: Start User Delete --- {"timestamp":"2020-08-13 12:24:57"}
info: Start getUser - - - {"timestamp":"2020-08-13 12:24:57"}
info: APP START ---------- {"timestamp":"2020-08-13 12:25:18"}
info: mongoose trying to connect to mongodb : mongodb://localhost:27017/template {"timestamp":"2020-08-13 12:25:18"}
info: success {"timestamp":"2020-08-13 12:25:18"}
info: Start getUser - - - {"timestamp":"2020-08-13 12:25:19"}
info: Start User Delete --- {"timestamp":"2020-08-13 12:25:22"}
info: APP START ---------- {"timestamp":"2020-08-13 12:25:31"}
info: mongoose trying to connect to mongodb : mongodb://localhost:27017/template {"timestamp":"2020-08-13 12:25:31"}
info: success {"timestamp":"2020-08-13 12:25:31"}
info: Start getUser - - - {"timestamp":"2020-08-13 12:25:34"}
info: Start User Delete --- {"timestamp":"2020-08-13 12:25:35"}
info: APP START ---------- {"timestamp":"2020-08-13 12:27:49"}
info: mongoose trying to connect to mongodb : mongodb://localhost:27017/template {"timestamp":"2020-08-13 12:27:49"}
info: success {"timestamp":"2020-08-13 12:27:49"}
info: Start getUser - - - {"timestamp":"2020-08-13 12:27:50"}
info: Start User Delete --- {"timestamp":"2020-08-13 12:27:55"}
info: APP START ---------- {"timestamp":"2020-08-13 12:28:21"}
info: mongoose trying to connect to mongodb : mongodb://localhost:27017/template {"timestamp":"2020-08-13 12:28:22"}
info: success {"timestamp":"2020-08-13 12:28:22"}
info: Start getUser - - - {"timestamp":"2020-08-13 12:28:25"}
info: Start User Delete --- {"timestamp":"2020-08-13 12:28:36"}
info: APP START ---------- {"timestamp":"2020-08-13 12:30:18"}
info: mongoose trying to connect to mongodb : mongodb://localhost:27017/template {"timestamp":"2020-08-13 12:30:18"}
info: success {"timestamp":"2020-08-13 12:30:18"}
info: Start getUser - - - {"timestamp":"2020-08-13 12:30:39"}
info: Start User Delete --- {"timestamp":"2020-08-13 12:30:42"}
info: APP START ---------- {"timestamp":"2020-08-13 12:30:53"}
info: mongoose trying to connect to mongodb : mongodb://localhost:27017/template {"timestamp":"2020-08-13 12:30:54"}
info: success {"timestamp":"2020-08-13 12:30:54"}
info: Start User Delete --- {"timestamp":"2020-08-13 12:30:57"}
info: APP START ---------- {"timestamp":"2020-08-13 12:31:17"}
info: mongoose trying to connect to mongodb : mongodb://localhost:27017/template {"timestamp":"2020-08-13 12:31:17"}
info: success {"timestamp":"2020-08-13 12:31:17"}
info: Start getUser - - - {"timestamp":"2020-08-13 12:31:21"}
info: Start User Delete --- {"timestamp":"2020-08-13 12:31:23"}
info: APP START ---------- {"timestamp":"2020-08-13 12:31:28"}
info: mongoose trying to connect to mongodb : mongodb://localhost:27017/template {"timestamp":"2020-08-13 12:31:28"}
info: success {"timestamp":"2020-08-13 12:31:28"}
info: Start getUser - - - {"timestamp":"2020-08-13 12:31:40"}
info: Start getUser - - - {"timestamp":"2020-08-13 12:31:42"}
info: Start User Delete --- {"timestamp":"2020-08-13 12:31:43"}
info: APP START ---------- {"timestamp":"2020-08-13 12:32:20"}
info: mongoose trying to connect to mongodb : mongodb://localhost:27017/template {"timestamp":"2020-08-13 12:32:20"}
info: success {"timestamp":"2020-08-13 12:32:20"}
info: APP START ---------- {"timestamp":"2020-08-13 12:32:31"}
info: mongoose trying to connect to mongodb : mongodb://localhost:27017/template {"timestamp":"2020-08-13 12:32:31"}
info: success {"timestamp":"2020-08-13 12:32:31"}
info: Start getUser - - - {"timestamp":"2020-08-13 12:32:33"}
info: Start User Delete --- {"timestamp":"2020-08-13 12:32:36"}
info: Start getUser - - - {"timestamp":"2020-08-13 12:32:36"}
info: Start getUser - - - {"timestamp":"2020-08-13 12:32:38"}
info: Start User Delete --- {"timestamp":"2020-08-13 12:32:40"}
info: Start getUser - - - {"timestamp":"2020-08-13 12:32:40"}
info: Start getUser - - - {"timestamp":"2020-08-13 12:35:38"}
info: APP START ---------- {"timestamp":"2020-08-13 13:54:28"}
info: mongoose trying to connect to mongodb : mongodb://localhost:27017/template {"timestamp":"2020-08-13 13:54:29"}
info: success {"timestamp":"2020-08-13 13:54:29"}
info: Start getUser - - - {"timestamp":"2020-08-13 13:55:13"}
info: Start Get User by Role --- {"timestamp":"2020-08-13 13:55:37"}
info: Start Get User by Role --- {"timestamp":"2020-08-13 13:55:39"}
info: Start getUser - - - {"timestamp":"2020-08-13 13:55:42"}
info: Start adduser - - - {"timestamp":"2020-08-13 13:56:28"}
info: Start getUser - - - {"timestamp":"2020-08-13 13:56:28"}
info: Start adduser - - - {"timestamp":"2020-08-13 13:56:54"}
info: Start getUser - - - {"timestamp":"2020-08-13 13:56:54"}
info: Start adduser - - - {"timestamp":"2020-08-13 13:57:15"}
info: Start getUser - - - {"timestamp":"2020-08-13 13:57:15"}
info: Start getUser - - - {"timestamp":"2020-08-13 13:57:25"}
info: Start getUser - - - {"timestamp":"2020-08-13 13:57:27"}
info: Start getUser - - - {"timestamp":"2020-08-13 13:57:29"}
info: Start getUser - - - {"timestamp":"2020-08-13 13:57:32"}
info: Start getUser - - - {"timestamp":"2020-08-13 13:58:22"}
info: Start getUser - - - {"timestamp":"2020-08-13 13:58:24"}
info: Start User update --- {"timestamp":"2020-08-13 13:58:37"}
info: Start getUser - - - {"timestamp":"2020-08-13 13:58:37"}
info: Start User Delete --- {"timestamp":"2020-08-13 13:58:40"}
info: Start getUser - - - {"timestamp":"2020-08-13 13:58:40"}
info: Start User Delete --- {"timestamp":"2020-08-13 13:58:41"}
info: Start getUser - - - {"timestamp":"2020-08-13 13:58:41"}
info: Start User Delete --- {"timestamp":"2020-08-13 13:58:42"}
info: Start getUser - - - {"timestamp":"2020-08-13 13:58:42"}
info: Start Search all feald {"timestamp":"2020-08-13 13:59:00"}
info: Start Search all feald {"timestamp":"2020-08-13 13:59:01"}
info: Start Search all feald {"timestamp":"2020-08-13 13:59:02"}
info: Start Search all feald {"timestamp":"2020-08-13 13:59:03"}
info: Start Search all feald {"timestamp":"2020-08-13 13:59:05"}
info: Start Search all feald {"timestamp":"2020-08-13 13:59:05"}
info: Start Search all feald {"timestamp":"2020-08-13 13:59:06"}
info: Start Search all feald {"timestamp":"2020-08-13 13:59:06"}
info: Start Search all feald {"timestamp":"2020-08-13 13:59:06"}
info: Start Search all feald {"timestamp":"2020-08-13 13:59:06"}
info: Start Search all feald {"timestamp":"2020-08-13 13:59:07"}
info: Start Search all feald {"timestamp":"2020-08-13 13:59:07"}
info: Start Search all feald {"timestamp":"2020-08-13 13:59:07"}
info: Start Search all feald {"timestamp":"2020-08-13 13:59:07"}
info: Start Search all feald {"timestamp":"2020-08-13 13:59:08"}
info: Start Search all feald {"timestamp":"2020-08-13 13:59:08"}
info: Start getUser - - - {"timestamp":"2020-08-13 14:04:56"}
info: APP START ---------- {"timestamp":"2020-08-13 14:19:21"}
info: mongoose trying to connect to mongodb : mongodb://localhost:27017/template {"timestamp":"2020-08-13 14:19:22"}
info: success {"timestamp":"2020-08-13 14:19:22"}
info: Start getUser - - - {"timestamp":"2020-08-13 14:19:24"}
info: Start getUser - - - {"timestamp":"2020-08-13 14:27:39"}
info: Start getUser - - - {"timestamp":"2020-08-13 14:33:09"}
info: Start getUser - - - {"timestamp":"2020-08-13 14:44:54"}
info: APP START ---------- {"timestamp":"2020-08-13 14:56:56"}
info: mongoose trying to connect to mongodb : mongodb://localhost:27017/template {"timestamp":"2020-08-13 14:56:56"}
info: success {"timestamp":"2020-08-13 14:56:56"}
info: APP START ---------- {"timestamp":"2020-08-13 14:57:10"}
info: mongoose trying to connect to mongodb : mongodb://localhost:27017/template {"timestamp":"2020-08-13 14:57:11"}
info: success {"timestamp":"2020-08-13 14:57:11"}
info: Start getUser - - - {"timestamp":"2020-08-13 14:57:27"}
info: APP START ---------- {"timestamp":"2020-08-13 14:58:06"}
info: mongoose trying to connect to mongodb : mongodb://localhost:27017/template {"timestamp":"2020-08-13 14:58:07"}
info: success {"timestamp":"2020-08-13 14:58:07"}
info: Start getUser - - - {"timestamp":"2020-08-13 14:58:07"}
info: APP START ---------- {"timestamp":"2020-08-13 14:58:15"}
info: mongoose trying to connect to mongodb : mongodb://localhost:27017/template {"timestamp":"2020-08-13 14:58:16"}
info: success {"timestamp":"2020-08-13 14:58:16"}
info: Start getUser - - - {"timestamp":"2020-08-13 14:58:17"}
info: APP START ---------- {"timestamp":"2020-08-13 14:58:22"}
info: mongoose trying to connect to mongodb : mongodb://localhost:27017/template {"timestamp":"2020-08-13 14:58:22"}
info: success {"timestamp":"2020-08-13 14:58:22"}
info: Start getUser - - - {"timestamp":"2020-08-13 14:58:29"}
info: APP START ---------- {"timestamp":"2020-08-13 14:58:37"}
info: mongoose trying to connect to mongodb : mongodb://localhost:27017/template {"timestamp":"2020-08-13 14:58:37"}
info: success {"timestamp":"2020-08-13 14:58:37"}
info: Start getUser - - - {"timestamp":"2020-08-13 14:58:38"}
info: APP START ---------- {"timestamp":"2020-08-13 14:58:46"}
info: mongoose trying to connect to mongodb : mongodb://localhost:27017/template {"timestamp":"2020-08-13 14:58:46"}
info: success {"timestamp":"2020-08-13 14:58:46"}
info: Start getUser - - - {"timestamp":"2020-08-13 14:58:48"}
info: APP START ---------- {"timestamp":"2020-08-13 15:18:39"}
info: mongoose trying to connect to mongodb : mongodb://localhost:27017/template {"timestamp":"2020-08-13 15:18:40"}
info: success {"timestamp":"2020-08-13 15:18:40"}
info: Start getUser - - - {"timestamp":"2020-08-13 15:18:42"}
info: Start getUser - - - {"timestamp":"2020-08-13 15:19:43"}
info: APP START ---------- {"timestamp":"2020-08-13 15:19:56"}
info: mongoose trying to connect to mongodb : mongodb://localhost:27017/template {"timestamp":"2020-08-13 15:19:56"}
info: success {"timestamp":"2020-08-13 15:19:56"}
info: Start getUser - - - {"timestamp":"2020-08-13 15:19:59"}
info: Start getUser - - - {"timestamp":"2020-08-13 15:23:24"}
info: Start getUser - - - {"timestamp":"2020-08-13 15:24:17"}
info: Start getUser - - - {"timestamp":"2020-08-13 15:24:46"}
info: Start getUser - - - {"timestamp":"2020-08-13 15:25:13"}
info: APP START ---------- {"timestamp":"2020-08-13 15:25:22"}
info: mongoose trying to connect to mongodb : mongodb://localhost:27017/template {"timestamp":"2020-08-13 15:25:22"}
info: success {"timestamp":"2020-08-13 15:25:22"}
info: Start getUser - - - {"timestamp":"2020-08-13 15:25:22"}
info: Start getUser - - - {"timestamp":"2020-08-13 15:26:27"}
info: Start getUser - - - {"timestamp":"2020-08-13 15:26:28"}
info: APP START ---------- {"timestamp":"2020-08-13 15:26:38"}
info: mongoose trying to connect to mongodb : mongodb://localhost:27017/template {"timestamp":"2020-08-13 15:26:38"}
info: success {"timestamp":"2020-08-13 15:26:38"}
info: Start getUser - - - {"timestamp":"2020-08-13 15:26:39"}
info: APP START ---------- {"timestamp":"2020-08-13 15:26:45"}
info: mongoose trying to connect to mongodb : mongodb://localhost:27017/template {"timestamp":"2020-08-13 15:26:45"}
info: success {"timestamp":"2020-08-13 15:26:45"}
info: Start getUser - - - {"timestamp":"2020-08-13 15:26:54"}
info: APP START ---------- {"timestamp":"2020-08-13 15:30:43"}
info: mongoose trying to connect to mongodb : mongodb://localhost:27017/template {"timestamp":"2020-08-13 15:30:43"}
info: success {"timestamp":"2020-08-13 15:30:43"}
info: Start getUser - - - {"timestamp":"2020-08-13 15:30:59"}
info: APP START ---------- {"timestamp":"2020-08-13 15:46:36"}
info: mongoose trying to connect to mongodb : mongodb://localhost:27017/template {"timestamp":"2020-08-13 15:46:36"}
info: success {"timestamp":"2020-08-13 15:46:36"}
info: Start getUser - - - {"timestamp":"2020-08-13 15:46:39"}
info: APP START ---------- {"timestamp":"2020-08-13 15:47:11"}
info: mongoose trying to connect to mongodb : mongodb://localhost:27017/template {"timestamp":"2020-08-13 15:47:11"}
info: success {"timestamp":"2020-08-13 15:47:11"}
info: Start getUser - - - {"timestamp":"2020-08-13 15:47:12"}
info: APP START ---------- {"timestamp":"2020-08-13 15:47:19"}
info: mongoose trying to connect to mongodb : mongodb://localhost:27017/template {"timestamp":"2020-08-13 15:47:19"}
info: success {"timestamp":"2020-08-13 15:47:19"}
info: APP START ---------- {"timestamp":"2020-08-13 15:47:32"}
info: mongoose trying to connect to mongodb : mongodb://localhost:27017/template {"timestamp":"2020-08-13 15:47:32"}
info: success {"timestamp":"2020-08-13 15:47:32"}
info: Start getUser - - - {"timestamp":"2020-08-13 15:47:35"}
info: Start getUser - - - {"timestamp":"2020-08-13 15:48:21"}
info: APP START ---------- {"timestamp":"2020-08-13 15:48:26"}
info: mongoose trying to connect to mongodb : mongodb://localhost:27017/template {"timestamp":"2020-08-13 15:48:26"}
info: success {"timestamp":"2020-08-13 15:48:26"}
info: Start getUser - - - {"timestamp":"2020-08-13 15:48:28"}
info: APP START ---------- {"timestamp":"2020-08-13 15:48:35"}
info: mongoose trying to connect to mongodb : mongodb://localhost:27017/template {"timestamp":"2020-08-13 15:48:35"}
info: success {"timestamp":"2020-08-13 15:48:35"}
info: Start getUser - - - {"timestamp":"2020-08-13 15:48:58"}
info: APP START ---------- {"timestamp":"2020-08-13 15:49:09"}
info: mongoose trying to connect to mongodb : mongodb://localhost:27017/template {"timestamp":"2020-08-13 15:49:09"}
info: success {"timestamp":"2020-08-13 15:49:09"}
info: Start getUser - - - {"timestamp":"2020-08-13 15:49:10"}
info: APP START ---------- {"timestamp":"2020-08-13 15:49:20"}
info: mongoose trying to connect to mongodb : mongodb://localhost:27017/template {"timestamp":"2020-08-13 15:49:20"}
info: success {"timestamp":"2020-08-13 15:49:20"}
info: Start getUser - - - {"timestamp":"2020-08-13 15:49:22"}
info: APP START ---------- {"timestamp":"2020-08-13 15:50:04"}
info: mongoose trying to connect to mongodb : mongodb://localhost:27017/template {"timestamp":"2020-08-13 15:50:04"}
info: success {"timestamp":"2020-08-13 15:50:04"}
info: Start getUser - - - {"timestamp":"2020-08-13 15:50:05"}
info: Start adduser - - - {"timestamp":"2020-08-13 15:50:19"}
info: Start getUser - - - {"timestamp":"2020-08-13 15:50:19"}
info: Start adduser - - - {"timestamp":"2020-08-13 15:50:27"}
info: Start getUser - - - {"timestamp":"2020-08-13 15:50:27"}
info: Start adduser - - - {"timestamp":"2020-08-13 15:50:43"}
info: Start getUser - - - {"timestamp":"2020-08-13 15:50:43"}
info: Start getUser - - - {"timestamp":"2020-08-13 15:50:44"}
info: Start getUser - - - {"timestamp":"2020-08-13 15:50:46"}
info: APP START ---------- {"timestamp":"2020-08-13 15:53:59"}
info: mongoose trying to connect to mongodb : mongodb://localhost:27017/template {"timestamp":"2020-08-13 15:53:59"}
info: success {"timestamp":"2020-08-13 15:53:59"}
info: APP START ---------- {"timestamp":"2020-08-13 15:54:16"}
info: mongoose trying to connect to mongodb : mongodb://localhost:27017/template {"timestamp":"2020-08-13 15:54:16"}
info: success {"timestamp":"2020-08-13 15:54:17"}
info: APP START ---------- {"timestamp":"2020-08-13 15:54:19"}
info: mongoose trying to connect to mongodb : mongodb://localhost:27017/template {"timestamp":"2020-08-13 15:54:19"}
info: success {"timestamp":"2020-08-13 15:54:19"}
info: Start getUser - - - {"timestamp":"2020-08-13 15:56:10"}
info: Start getUser - - - {"timestamp":"2020-08-13 15:56:13"}
info: Start getUser - - - {"timestamp":"2020-08-13 15:56:14"}
info: Start Search all feald {"timestamp":"2020-08-13 15:56:16"}
info: Start Search all feald {"timestamp":"2020-08-13 15:56:16"}
info: Start Search all feald {"timestamp":"2020-08-13 15:56:17"}
info: Start Search all feald {"timestamp":"2020-08-13 15:56:18"}
info: Start Search all feald {"timestamp":"2020-08-13 15:56:19"}
info: Start Search all feald {"timestamp":"2020-08-13 15:56:19"}
info: Start Search all feald {"timestamp":"2020-08-13 15:56:21"}
info: Start Search all feald {"timestamp":"2020-08-13 15:56:21"}
info: Start Search all feald {"timestamp":"2020-08-13 15:56:22"}
info: Start Search all feald {"timestamp":"2020-08-13 15:56:22"}
info: Start Search all feald {"timestamp":"2020-08-13 15:56:23"}
info: Start Search all feald {"timestamp":"2020-08-13 15:56:23"}
info: Start Search all feald {"timestamp":"2020-08-13 15:56:23"}
info: Start Search all feald {"timestamp":"2020-08-13 15:56:24"}
info: Start getUser - - - {"timestamp":"2020-08-13 15:57:11"}
info: Start getUser - - - {"timestamp":"2020-08-13 16:00:25"}
info: Start getUser - - - {"timestamp":"2020-08-13 16:01:23"}
info: Start getUser - - - {"timestamp":"2020-08-13 16:01:44"}
info: Start getUser - - - {"timestamp":"2020-08-13 16:02:04"}
info: Start getUser - - - {"timestamp":"2020-08-13 16:02:36"}
info: Start getUser - - - {"timestamp":"2020-08-13 16:02:48"}
info: Start getUser - - - {"timestamp":"2020-08-13 16:03:40"}
info: APP START ---------- {"timestamp":"2020-08-13 16:03:46"}
info: mongoose trying to connect to mongodb : mongodb://localhost:27017/template {"timestamp":"2020-08-13 16:03:46"}
info: success {"timestamp":"2020-08-13 16:03:46"}
info: Start getUser - - - {"timestamp":"2020-08-13 16:03:52"}
info: Start getUser - - - {"timestamp":"2020-08-13 16:03:54"}
info: Start getUser - - - {"timestamp":"2020-08-13 16:05:14"}
info: Start Get User by Role --- {"timestamp":"2020-08-13 16:05:17"}
info: Start Get User by Role --- {"timestamp":"2020-08-13 16:05:19"}
info: Start getUser - - - {"timestamp":"2020-08-13 16:05:22"}
info: Start Get User by Role --- {"timestamp":"2020-08-13 16:05:24"}
info: Start Get User by Role --- {"timestamp":"2020-08-13 16:05:27"}
info: Start Get User by Role --- {"timestamp":"2020-08-13 16:05:30"}
info: Start getUser - - - {"timestamp":"2020-08-13 16:05:32"}
info: Start getUser - - - {"timestamp":"2020-08-13 16:06:22"}
info: Start getUser - - - {"timestamp":"2020-08-13 16:06:36"}
info: Start getUser - - - {"timestamp":"2020-08-13 16:06:44"}
info: Start getUser - - - {"timestamp":"2020-08-13 16:06:46"}
info: Start getUser - - - {"timestamp":"2020-08-13 16:08:51"}
info: Start getUser - - - {"timestamp":"2020-08-13 16:10:33"}
info: Start getUser - - - {"timestamp":"2020-08-13 16:11:38"}
info: Start getUser - - - {"timestamp":"2020-08-13 16:12:22"}
info: Start getUser - - - {"timestamp":"2020-08-13 16:14:41"}
info: Start getUser - - - {"timestamp":"2020-08-13 16:15:02"}
info: Start getUser - - - {"timestamp":"2020-08-13 16:15:06"}
info: Start getUser - - - {"timestamp":"2020-08-13 16:15:07"}
info: Start getUser - - - {"timestamp":"2020-08-13 16:15:40"}
info: Start getUser - - - {"timestamp":"2020-08-13 16:16:00"}
info: Start getUser - - - {"timestamp":"2020-08-13 16:16:14"}
info: Start getUser - - - {"timestamp":"2020-08-13 16:16:32"}
info: Start getUser - - - {"timestamp":"2020-08-13 16:19:09"}
info: Start getUser - - - {"timestamp":"2020-08-13 16:19:25"}
info: Start getUser - - - {"timestamp":"2020-08-13 16:19:27"}
info: Start getUser - - - {"timestamp":"2020-08-13 16:19:28"}
info: APP START ---------- {"timestamp":"2020-08-13 16:20:59"}
info: mongoose trying to connect to mongodb : mongodb://localhost:27017/template {"timestamp":"2020-08-13 16:20:59"}
info: success {"timestamp":"2020-08-13 16:20:59"}
info: APP START ---------- {"timestamp":"2020-08-13 16:23:50"}
info: mongoose trying to connect to mongodb : mongodb://localhost:27017/template {"timestamp":"2020-08-13 16:23:50"}
info: success {"timestamp":"2020-08-13 16:23:50"}
info: Start getUser - - - {"timestamp":"2020-08-13 16:24:46"}
info: Start getUser - - - {"timestamp":"2020-08-13 16:25:38"}
info: APP START ---------- {"timestamp":"2020-08-13 16:28:20"}
info: mongoose trying to connect to mongodb : mongodb://localhost:27017/template {"timestamp":"2020-08-13 16:28:20"}
info: success {"timestamp":"2020-08-13 16:28:20"}
info: APP START ---------- {"timestamp":"2020-08-13 16:30:06"}
info: mongoose trying to connect to mongodb : mongodb://localhost:27017/template {"timestamp":"2020-08-13 16:30:06"}
info: success {"timestamp":"2020-08-13 16:30:06"}
info: APP START ---------- {"timestamp":"2020-08-13 16:31:22"}
info: mongoose trying to connect to mongodb : mongodb://localhost:27017/template {"timestamp":"2020-08-13 16:31:23"}
info: success {"timestamp":"2020-08-13 16:31:23"}
info: Start getUser - - - {"timestamp":"2020-08-13 16:31:49"}
info: Start getUser - - - {"timestamp":"2020-08-13 16:32:55"}
info: Start getUser - - - {"timestamp":"2020-08-13 16:33:08"}
info: Start getUser - - - {"timestamp":"2020-08-13 16:34:48"}
info: APP START ---------- {"timestamp":"2020-08-13 17:00:02"}
info: mongoose trying to connect to mongodb : mongodb://localhost:27017/template {"timestamp":"2020-08-13 17:00:02"}
info: success {"timestamp":"2020-08-13 17:00:02"}
info: Start getUser - - - {"timestamp":"2020-08-13 17:00:42"}
info: Start getUser - - - {"timestamp":"2020-08-13 17:00:48"}
info: Start getUser - - - {"timestamp":"2020-08-13 17:02:13"}
info: APP START ---------- {"timestamp":"2020-08-13 17:04:08"}
info: mongoose trying to connect to mongodb : mongodb://localhost:27017/template {"timestamp":"2020-08-13 17:04:09"}
info: success {"timestamp":"2020-08-13 17:04:09"}
info: Start getUser - - - {"timestamp":"2020-08-13 17:04:38"}
info: Start getUser - - - {"timestamp":"2020-08-13 17:05:22"}
info: Start adduser - - - {"timestamp":"2020-08-13 17:05:35"}
info: Start getUser - - - {"timestamp":"2020-08-13 17:05:35"}
info: Start getUser - - - {"timestamp":"2020-08-13 17:05:36"}
info: Start getUser - - - {"timestamp":"2020-08-13 17:05:38"}
info: Start getUser - - - {"timestamp":"2020-08-13 17:06:19"}
info: Start getUser - - - {"timestamp":"2020-08-13 17:06:42"}
info: Start getUser - - - {"timestamp":"2020-08-13 17:07:49"}
info: Start getUser - - - {"timestamp":"2020-08-13 17:07:55"}
info: Start getUser - - - {"timestamp":"2020-08-13 17:08:41"}
info: Start getUser - - - {"timestamp":"2020-08-13 17:10:01"}
info: Start getUser - - - {"timestamp":"2020-08-13 17:11:27"}
info: Start getUser - - - {"timestamp":"2020-08-13 17:12:31"}
info: Start getUser - - - {"timestamp":"2020-08-13 17:13:12"}
info: Start getUser - - - {"timestamp":"2020-08-13 17:13:39"}
info: Start getUser - - - {"timestamp":"2020-08-13 17:14:45"}
info: Start getUser - - - {"timestamp":"2020-08-13 17:16:28"}
info: Start getUser - - - {"timestamp":"2020-08-13 17:17:50"}
info: Start getUser - - - {"timestamp":"2020-08-13 17:18:31"}
info: Start getUser - - - {"timestamp":"2020-08-13 17:19:47"}
info: Start getUser - - - {"timestamp":"2020-08-13 17:20:08"}
info: Start getUser - - - {"timestamp":"2020-08-13 17:20:56"}
info: APP START ---------- {"timestamp":"2020-08-13 17:22:25"}
info: mongoose trying to connect to mongodb : mongodb://localhost:27017/template {"timestamp":"2020-08-13 17:22:25"}
info: success {"timestamp":"2020-08-13 17:22:25"}
info: Start getUser - - - {"timestamp":"2020-08-13 17:23:49"}
info: Start getUser - - - {"timestamp":"2020-08-13 17:24:08"}
info: Start getUser - - - {"timestamp":"2020-08-13 17:25:44"}
info: Start getUser - - - {"timestamp":"2020-08-13 17:26:00"}
info: Start getUser - - - {"timestamp":"2020-08-13 17:26:28"}
info: APP START ---------- {"timestamp":"2020-08-13 17:27:36"}
info: mongoose trying to connect to mongodb : mongodb://localhost:27017/template {"timestamp":"2020-08-13 17:27:36"}
info: success {"timestamp":"2020-08-13 17:27:36"}
info: Start getUser - - - {"timestamp":"2020-08-13 17:27:38"}
info: APP START ---------- {"timestamp":"2020-08-13 17:28:27"}
info: mongoose trying to connect to mongodb : mongodb://localhost:27017/template {"timestamp":"2020-08-13 17:28:27"}
info: success {"timestamp":"2020-08-13 17:28:27"}
info: Start getUser - - - {"timestamp":"2020-08-13 17:28:30"}
info: APP START ---------- {"timestamp":"2020-08-13 17:28:50"}
info: mongoose trying to connect to mongodb : mongodb://localhost:27017/template {"timestamp":"2020-08-13 17:28:50"}
info: success {"timestamp":"2020-08-13 17:28:50"}
info: Start getUser - - - {"timestamp":"2020-08-13 17:28:53"}
info: Start getUser - - - {"timestamp":"2020-08-13 17:29:00"}
info: APP START ---------- {"timestamp":"2020-08-13 17:29:33"}
info: mongoose trying to connect to mongodb : mongodb://localhost:27017/template {"timestamp":"2020-08-13 17:29:33"}
info: success {"timestamp":"2020-08-13 17:29:33"}
info: Start getUser - - - {"timestamp":"2020-08-13 17:29:36"}
info: Start getUser - - - {"timestamp":"2020-08-13 17:29:38"}
info: APP START ---------- {"timestamp":"2020-08-13 17:29:58"}
info: mongoose trying to connect to mongodb : mongodb://localhost:27017/template {"timestamp":"2020-08-13 17:29:58"}
info: success {"timestamp":"2020-08-13 17:29:58"}
info: Start getUser - - - {"timestamp":"2020-08-13 17:30:03"}
info: Start getUser - - - {"timestamp":"2020-08-13 17:30:05"}
info: Start getUser - - - {"timestamp":"2020-08-13 17:30:07"}
info: APP START ---------- {"timestamp":"2020-08-13 17:31:55"}
info: mongoose trying to connect to mongodb : mongodb://localhost:27017/template {"timestamp":"2020-08-13 17:31:55"}
info: success {"timestamp":"2020-08-13 17:31:55"}
info: Start getUser - - - {"timestamp":"2020-08-13 17:31:56"}
info: Start getUser - - - {"timestamp":"2020-08-13 17:31:59"}
info: Start getUser - - - {"timestamp":"2020-08-13 17:32:00"}
info: Start getUser - - - {"timestamp":"2020-08-13 17:32:02"}
info: Start getUser - - - {"timestamp":"2020-08-13 17:32:03"}
info: Start getUser - - - {"timestamp":"2020-08-13 17:32:05"}
info: Start getUser - - - {"timestamp":"2020-08-13 17:44:39"}
info: Start getUser - - - {"timestamp":"2020-08-13 17:45:09"}
info: Start getUser - - - {"timestamp":"2020-08-13 17:45:37"}
info: Start getUser - - - {"timestamp":"2020-08-13 17:46:03"}
info: Start getUser - - - {"timestamp":"2020-08-13 17:46:34"}
info: APP START ---------- {"timestamp":"2020-08-13 17:48:41"}
info: mongoose trying to connect to mongodb : mongodb://localhost:27017/template {"timestamp":"2020-08-13 17:48:41"}
info: success {"timestamp":"2020-08-13 17:48:41"}
info: Start getUser - - - {"timestamp":"2020-08-13 17:48:41"}
info: Start getUser - - - {"timestamp":"2020-08-13 17:48:43"}
info: APP START ---------- {"timestamp":"2020-08-13 17:49:04"}
info: mongoose trying to connect to mongodb : mongodb://localhost:27017/template {"timestamp":"2020-08-13 17:49:04"}
info: success {"timestamp":"2020-08-13 17:49:04"}
info: Start getUser - - - {"timestamp":"2020-08-13 17:49:05"}
info: Start getUser - - - {"timestamp":"2020-08-13 17:49:06"}
info: Start getUser - - - {"timestamp":"2020-08-13 17:51:25"}
info: Start getUser - - - {"timestamp":"2020-08-13 17:52:27"}
info: Start getUser - - - {"timestamp":"2020-08-13 17:52:28"}
info: Start getUser - - - {"timestamp":"2020-08-13 17:57:39"}
info: Start getUser - - - {"timestamp":"2020-08-13 17:57:40"}
info: APP START ---------- {"timestamp":"2020-08-13 17:58:34"}
info: mongoose trying to connect to mongodb : mongodb://localhost:27017/template {"timestamp":"2020-08-13 17:58:34"}
info: success {"timestamp":"2020-08-13 17:58:34"}
info: Start getUser - - - {"timestamp":"2020-08-13 17:58:35"}
info: Start getUser - - - {"timestamp":"2020-08-13 17:58:36"}
info: APP START ---------- {"timestamp":"2020-08-13 18:00:23"}
info: mongoose trying to connect to mongodb : mongodb://localhost:27017/template {"timestamp":"2020-08-13 18:00:23"}
info: success {"timestamp":"2020-08-13 18:00:23"}
info: Start getUser - - - {"timestamp":"2020-08-13 18:00:26"}
info: APP START ---------- {"timestamp":"2020-08-13 18:01:02"}
info: mongoose trying to connect to mongodb : mongodb://localhost:27017/template {"timestamp":"2020-08-13 18:01:02"}
info: success {"timestamp":"2020-08-13 18:01:02"}
info: Start getUser - - - {"timestamp":"2020-08-13 18:01:03"}
info: Start getUser - - - {"timestamp":"2020-08-13 18:01:05"}
info: APP START ---------- {"timestamp":"2020-08-13 18:01:25"}
info: mongoose trying to connect to mongodb : mongodb://localhost:27017/template {"timestamp":"2020-08-13 18:01:25"}
info: success {"timestamp":"2020-08-13 18:01:25"}
info: Start getUser - - - {"timestamp":"2020-08-13 18:01:28"}
info: APP START ---------- {"timestamp":"2020-08-13 18:01:40"}
info: mongoose trying to connect to mongodb : mongodb://localhost:27017/template {"timestamp":"2020-08-13 18:01:40"}
info: success {"timestamp":"2020-08-13 18:01:40"}
info: Start getUser - - - {"timestamp":"2020-08-13 18:01:42"}
info: Start getUser - - - {"timestamp":"2020-08-13 18:01:43"}
info: APP START ---------- {"timestamp":"2020-08-13 18:03:02"}
info: mongoose trying to connect to mongodb : mongodb://localhost:27017/template {"timestamp":"2020-08-13 18:03:02"}
info: success {"timestamp":"2020-08-13 18:03:02"}
info: Start getUser - - - {"timestamp":"2020-08-13 18:03:03"}
info: APP START ---------- {"timestamp":"2020-08-13 18:03:16"}
info: mongoose trying to connect to mongodb : mongodb://localhost:27017/template {"timestamp":"2020-08-13 18:03:16"}
info: success {"timestamp":"2020-08-13 18:03:16"}
info: Start getUser - - - {"timestamp":"2020-08-13 18:03:19"}
info: Start getUser - - - {"timestamp":"2020-08-13 18:03:20"}
info: APP START ---------- {"timestamp":"2020-08-13 18:03:33"}
info: mongoose trying to connect to mongodb : mongodb://localhost:27017/template {"timestamp":"2020-08-13 18:03:33"}
info: success {"timestamp":"2020-08-13 18:03:33"}
info: Start getUser - - - {"timestamp":"2020-08-13 18:03:36"}
info: Start getUser - - - {"timestamp":"2020-08-13 18:03:38"}
info: APP START ---------- {"timestamp":"2020-08-13 18:03:49"}
info: mongoose trying to connect to mongodb : mongodb://localhost:27017/template {"timestamp":"2020-08-13 18:03:49"}
info: success {"timestamp":"2020-08-13 18:03:49"}
info: Start getUser - - - {"timestamp":"2020-08-13 18:03:53"}
info: Start getUser - - - {"timestamp":"2020-08-13 18:03:55"}
info: APP START ---------- {"timestamp":"2020-08-13 18:04:06"}
info: mongoose trying to connect to mongodb : mongodb://localhost:27017/template {"timestamp":"2020-08-13 18:04:06"}
info: success {"timestamp":"2020-08-13 18:04:06"}
info: Start getUser - - - {"timestamp":"2020-08-13 18:04:08"}
info: Start getUser - - - {"timestamp":"2020-08-13 18:04:09"}
info: APP START ---------- {"timestamp":"2020-08-13 18:12:33"}
info: mongoose trying to connect to mongodb : mongodb://localhost:27017/template {"timestamp":"2020-08-13 18:12:33"}
info: success {"timestamp":"2020-08-13 18:12:33"}
info: Start getUser - - - {"timestamp":"2020-08-13 18:12:34"}
info: Start getUser - - - {"timestamp":"2020-08-13 18:12:35"}
info: Start getUser - - - {"timestamp":"2020-08-13 18:12:36"}
info: Start getUser - - - {"timestamp":"2020-08-13 18:12:37"}
info: Start getUser - - - {"timestamp":"2020-08-13 18:12:38"}
info: Start getUser - - - {"timestamp":"2020-08-13 18:12:38"}
info: Start getUser - - - {"timestamp":"2020-08-13 18:12:38"}
info: Start getUser - - - {"timestamp":"2020-08-13 18:12:40"}
info: Start getUser - - - {"timestamp":"2020-08-13 18:12:40"}
info: Start getUser - - - {"timestamp":"2020-08-13 18:12:41"}
info: Start getUser - - - {"timestamp":"2020-08-13 18:12:42"}
info: Start getUser - - - {"timestamp":"2020-08-13 18:12:46"}
info: Start getUser - - - {"timestamp":"2020-08-13 18:12:47"}
info: Start getUser - - - {"timestamp":"2020-08-13 18:12:48"}
info: Start getUser - - - {"timestamp":"2020-08-13 18:12:50"}
info: Start getUser - - - {"timestamp":"2020-08-13 18:12:50"}
info: Start getUser - - - {"timestamp":"2020-08-13 18:12:51"}
info: Start getUser - - - {"timestamp":"2020-08-13 18:12:51"}
info: Start getUser - - - {"timestamp":"2020-08-13 18:12:51"}
info: Start getUser - - - {"timestamp":"2020-08-13 18:12:51"}
info: Start getUser - - - {"timestamp":"2020-08-13 18:12:51"}
info: Start getUser - - - {"timestamp":"2020-08-13 18:12:52"}
info: Start getUser - - - {"timestamp":"2020-08-13 18:12:52"}
info: Start getUser - - - {"timestamp":"2020-08-13 18:12:52"}
info: Start getUser - - - {"timestamp":"2020-08-13 18:12:52"}
info: Start getUser - - - {"timestamp":"2020-08-13 18:12:52"}
info: Start getUser - - - {"timestamp":"2020-08-13 18:12:52"}
info: Start getUser - - - {"timestamp":"2020-08-13 18:12:53"}
info: Start getUser - - - {"timestamp":"2020-08-13 18:12:53"}
info: Start getUser - - - {"timestamp":"2020-08-13 18:12:53"}
info: Start getUser - - - {"timestamp":"2020-08-13 18:12:53"}
info: Start getUser - - - {"timestamp":"2020-08-13 18:12:54"}
info: Start getUser - - - {"timestamp":"2020-08-13 18:12:55"}
info: Start getUser - - - {"timestamp":"2020-08-13 18:12:55"}
info: APP START ---------- {"timestamp":"2020-08-13 18:13:07"}
info: mongoose trying to connect to mongodb : mongodb://localhost:27017/template {"timestamp":"2020-08-13 18:13:08"}
info: success {"timestamp":"2020-08-13 18:13:08"}
info: Start getUser - - - {"timestamp":"2020-08-13 18:13:10"}
info: Start getUser - - - {"timestamp":"2020-08-13 18:13:22"}
info: Start getUser - - - {"timestamp":"2020-08-13 18:13:24"}
info: Start getUser - - - {"timestamp":"2020-08-13 18:13:24"}
info: Start getUser - - - {"timestamp":"2020-08-13 18:13:25"}
info: Start getUser - - - {"timestamp":"2020-08-13 18:13:26"}
info: Start getUser - - - {"timestamp":"2020-08-13 18:13:27"}
info: Start getUser - - - {"timestamp":"2020-08-13 18:13:28"}
info: Start getUser - - - {"timestamp":"2020-08-13 18:13:34"}
info: Start getUser - - - {"timestamp":"2020-08-13 18:14:04"}
info: Start getUser - - - {"timestamp":"2020-08-13 18:14:06"}
info: Start getUser - - - {"timestamp":"2020-08-13 18:14:06"}
info: Start getUser - - - {"timestamp":"2020-08-13 18:14:07"}
info: Start getUser - - - {"timestamp":"2020-08-13 18:14:08"}
info: Start getUser - - - {"timestamp":"2020-08-13 18:14:08"}
info: Start getUser - - - {"timestamp":"2020-08-13 18:14:09"}
info: Start getUser - - - {"timestamp":"2020-08-13 18:14:10"}
info: Start getUser - - - {"timestamp":"2020-08-13 18:14:10"}
info: Start getUser - - - {"timestamp":"2020-08-13 18:14:10"}
info: Start getUser - - - {"timestamp":"2020-08-13 18:14:11"}
info: Start getUser - - - {"timestamp":"2020-08-13 18:14:12"}
info: Start getUser - - - {"timestamp":"2020-08-13 18:14:13"}
info: Start getUser - - - {"timestamp":"2020-08-13 18:14:13"}
info: Start getUser - - - {"timestamp":"2020-08-13 18:14:14"}
info: Start getUser - - - {"timestamp":"2020-08-13 18:14:16"}
info: Start getUser - - - {"timestamp":"2020-08-13 18:14:18"}
info: Start getUser - - - {"timestamp":"2020-08-13 18:14:56"}
info: Start getUser - - - {"timestamp":"2020-08-13 18:14:58"}
info: Start getUser - - - {"timestamp":"2020-08-13 18:14:59"}
info: Start getUser - - - {"timestamp":"2020-08-13 18:17:08"}
info: Start Search all feald {"timestamp":"2020-08-13 18:17:10"}
info: Start Search all feald {"timestamp":"2020-08-13 18:17:10"}
info: Start Search all feald {"timestamp":"2020-08-13 18:17:11"}
info: Start Search all feald {"timestamp":"2020-08-13 18:17:11"}
info: Start Search all feald {"timestamp":"2020-08-13 18:17:11"}
info: Start Search all feald {"timestamp":"2020-08-13 18:17:11"}
info: Start Search all feald {"timestamp":"2020-08-13 18:17:12"}
info: Start Search all feald {"timestamp":"2020-08-13 18:17:12"}
info: Start Search all feald {"timestamp":"2020-08-13 18:17:12"}
info: Start Search all feald {"timestamp":"2020-08-13 18:17:12"}
info: Start Search all feald {"timestamp":"2020-08-13 18:17:13"}
info: Start getUser - - - {"timestamp":"2020-08-13 18:17:14"}
info: Start getUser - - - {"timestamp":"2020-08-13 18:17:15"}
info: Start getUser - - - {"timestamp":"2020-08-13 18:17:16"}
info: Start getUser - - - {"timestamp":"2020-08-13 18:17:16"}
info: Start getUser - - - {"timestamp":"2020-08-13 18:17:17"}
info: Start getUser - - - {"timestamp":"2020-08-13 18:17:18"}
info: Start getUser - - - {"timestamp":"2020-08-13 18:17:19"}
info: Start getUser - - - {"timestamp":"2020-08-13 18:17:19"}
info: APP START ---------- {"timestamp":"2020-08-13 18:17:37"}
info: mongoose trying to connect to mongodb : mongodb://localhost:27017/template {"timestamp":"2020-08-13 18:17:37"}
info: success {"timestamp":"2020-08-13 18:17:37"}
info: Start getUser - - - {"timestamp":"2020-08-13 18:17:53"}
info: Start getUser - - - {"timestamp":"2020-08-13 18:17:55"}
info: Start getUser - - - {"timestamp":"2020-08-13 18:17:55"}
info: Start getUser - - - {"timestamp":"2020-08-13 18:17:56"}
info: Start getUser - - - {"timestamp":"2020-08-13 18:17:56"}
info: APP START ---------- {"timestamp":"2020-08-13 18:24:46"}
info: mongoose trying to connect to mongodb : mongodb://localhost:27017/template {"timestamp":"2020-08-13 18:24:46"}
info: success {"timestamp":"2020-08-13 18:24:46"}
info: APP START ---------- {"timestamp":"2020-08-13 18:24:55"}
info: mongoose trying to connect to mongodb : mongodb://localhost:27017/template {"timestamp":"2020-08-13 18:24:55"}
info: success {"timestamp":"2020-08-13 18:24:55"}
info: APP START ---------- {"timestamp":"2020-08-13 18:28:43"}
info: mongoose trying to connect to mongodb : mongodb://localhost:27017/template {"timestamp":"2020-08-13 18:28:43"}
info: success {"timestamp":"2020-08-13 18:28:43"}
info: APP START ---------- {"timestamp":"2020-08-13 18:31:16"}
info: mongoose trying to connect to mongodb : mongodb://localhost:27017/template {"timestamp":"2020-08-13 18:31:16"}
info: success {"timestamp":"2020-08-13 18:31:16"}
info: APP START ---------- {"timestamp":"2020-08-13 18:32:54"}
info: mongoose trying to connect to mongodb : mongodb://localhost:27017/template {"timestamp":"2020-08-13 18:32:54"}
info: success {"timestamp":"2020-08-13 18:32:54"}
info: APP START ---------- {"timestamp":"2020-08-13 18:34:58"}
info: mongoose trying to connect to mongodb : mongodb://localhost:27017/template {"timestamp":"2020-08-13 18:34:58"}
info: success {"timestamp":"2020-08-13 18:34:58"}
info: Start getUser - - - {"timestamp":"2020-08-13 18:35:00"}
info: APP START ---------- {"timestamp":"2020-08-13 18:37:47"}
info: mongoose trying to connect to mongodb : mongodb://localhost:27017/template {"timestamp":"2020-08-13 18:37:47"}
info: success {"timestamp":"2020-08-13 18:37:47"}
info: APP START ---------- {"timestamp":"2020-08-13 18:38:11"}
info: mongoose trying to connect to mongodb : mongodb://localhost:27017/template {"timestamp":"2020-08-13 18:38:11"}
info: success {"timestamp":"2020-08-13 18:38:11"}
info: APP START ---------- {"timestamp":"2020-08-13 18:46:26"}
info: mongoose trying to connect to mongodb : mongodb://localhost:27017/template {"timestamp":"2020-08-13 18:46:26"}
info: success {"timestamp":"2020-08-13 18:46:26"}
info: Start getUser - - - {"timestamp":"2020-08-13 18:46:27"}
info: Start adduser - - - {"timestamp":"2020-08-13 18:46:57"}
info: Start getUser - - - {"timestamp":"2020-08-13 18:46:57"}
info: Start getUser - - - {"timestamp":"2020-08-13 18:48:31"}
info: Start getUser - - - {"timestamp":"2020-08-13 18:49:10"}
info: Start getUser - - - {"timestamp":"2020-08-13 18:49:58"}
info: Start adduser - - - {"timestamp":"2020-08-13 18:50:07"}
error: Validate Error: ValidationError: child "email" fails because ["email" must be a valid email] {"timestamp":"2020-08-13 18:50:07"}
info: Start getUser - - - {"timestamp":"2020-08-13 18:50:07"}
info: APP START ---------- {"timestamp":"2020-08-13 18:53:25"}
info: mongoose trying to connect to mongodb : mongodb://localhost:27017/template {"timestamp":"2020-08-13 18:53:25"}
info: success {"timestamp":"2020-08-13 18:53:25"}
info: Start getUser - - - {"timestamp":"2020-08-13 18:53:27"}
info: APP START ---------- {"timestamp":"2020-08-13 18:59:00"}
info: mongoose trying to connect to mongodb : mongodb://localhost:27017/template {"timestamp":"2020-08-13 18:59:00"}
info: success {"timestamp":"2020-08-13 18:59:00"}
info: APP START ---------- {"timestamp":"2020-08-13 19:00:15"}
info: mongoose trying to connect to mongodb : mongodb://localhost:27017/template {"timestamp":"2020-08-13 19:00:15"}
info: success {"timestamp":"2020-08-13 19:00:15"}
info: APP START ---------- {"timestamp":"2020-08-13 19:02:11"}
info: mongoose trying to connect to mongodb : mongodb://localhost:27017/template {"timestamp":"2020-08-13 19:02:11"}
info: success {"timestamp":"2020-08-13 19:02:11"}
